2022-03-21 03:19:22,149 - py2neo.client - DEBUG - Adding connection pool for profile ConnectionProfile('http://localhost:7474')
2022-03-21 03:19:22,149 - py2neo.client - DEBUG - Trying to acquire connection from pool <py2neo.client.ConnectionPool object at 0x000001C7C2CA4C10>
2022-03-21 03:19:22,308 - urllib3.connectionpool - DEBUG - Starting new HTTP connection (1): localhost:7474
2022-03-21 03:19:24,345 - urllib3.connectionpool - DEBUG - http://localhost:7474 "GET / HTTP/1.1" 200 278
2022-03-21 03:19:24,353 - urllib3.connectionpool - DEBUG - http://localhost:7474 "GET /db/data/ HTTP/1.1" 404 0
2022-03-21 03:19:24,369 - py2neo.client - DEBUG - Connection <py2neo.client.http.HTTP object at 0x000001C7C2D174C0> acquired by thread <_MainThread(MainThread, started 25476)>
2022-03-21 03:19:24,369 - py2neo.client - DEBUG - Releasing connection <py2neo.client.http.HTTP object at 0x000001C7C2D174C0> from thread <_MainThread(MainThread, started 25476)>
2022-03-21 03:19:24,383 - py2neo.client - DEBUG - Attempting to acquire read-write connection to default database
2022-03-21 03:19:24,383 - py2neo.client - DEBUG - Using connection pool <py2neo.client.ConnectionPool object at 0x000001C7C2CA4C10>
2022-03-21 03:19:24,383 - py2neo.client - DEBUG - Trying to acquire connection from pool <py2neo.client.ConnectionPool object at 0x000001C7C2CA4C10>
2022-03-21 03:19:24,383 - py2neo.client - DEBUG - Connection <py2neo.client.http.HTTP object at 0x000001C7C2D174C0> acquired by thread <_MainThread(MainThread, started 25476)>
2022-03-21 03:19:24,383 - py2neo.client.http - DEBUG - POST '/db/data/transaction/commit' 'CALL db.indexes' {}
2022-03-21 03:19:24,617 - urllib3.connectionpool - DEBUG - http://localhost:7474 "POST /db/data/transaction/commit HTTP/1.1" 200 677
2022-03-21 03:19:24,617 - py2neo.client - DEBUG - Releasing connection <py2neo.client.http.HTTP object at 0x000001C7C2D174C0> from thread <_MainThread(MainThread, started 25476)>
2022-03-21 03:19:24,617 - py2neo.client - DEBUG - Attempting to acquire read-write connection to default database
2022-03-21 03:19:24,617 - py2neo.client - DEBUG - Using connection pool <py2neo.client.ConnectionPool object at 0x000001C7C2CA4C10>
2022-03-21 03:19:24,617 - py2neo.client - DEBUG - Trying to acquire connection from pool <py2neo.client.ConnectionPool object at 0x000001C7C2CA4C10>
2022-03-21 03:19:24,617 - py2neo.client - DEBUG - Connection <py2neo.client.http.HTTP object at 0x000001C7C2D174C0> acquired by thread <_MainThread(MainThread, started 25476)>
2022-03-21 03:19:24,617 - py2neo.client - DEBUG - Releasing connection <py2neo.client.http.HTTP object at 0x000001C7C2D174C0> from thread <_MainThread(MainThread, started 25476)>
2022-03-21 03:19:24,617 - py2neo.client.json - DEBUG - Hydrating object []
2022-03-21 03:19:24,617 - py2neo.client.json - DEBUG - Hydrating object []
2022-03-21 03:19:24,617 - py2neo.client.json - DEBUG - Hydrating object []
2022-03-21 03:19:24,617 - py2neo.client.json - DEBUG - Hydrating object []
2022-03-21 03:19:24,617 - root - INFO - Index ('ID', 'experience_type') is missing on EXPERIENCE. Creating index.
2022-03-21 03:19:24,617 - py2neo.client - DEBUG - Attempting to acquire read-write connection to default database
2022-03-21 03:19:24,617 - py2neo.client - DEBUG - Using connection pool <py2neo.client.ConnectionPool object at 0x000001C7C2CA4C10>
2022-03-21 03:19:24,617 - py2neo.client - DEBUG - Trying to acquire connection from pool <py2neo.client.ConnectionPool object at 0x000001C7C2CA4C10>
2022-03-21 03:19:24,617 - py2neo.client - DEBUG - Connection <py2neo.client.http.HTTP object at 0x000001C7C2D174C0> acquired by thread <_MainThread(MainThread, started 25476)>
2022-03-21 03:19:24,617 - py2neo.client.http - DEBUG - POST '/db/data/transaction' None None
2022-03-21 03:19:24,617 - urllib3.connectionpool - DEBUG - http://localhost:7474 "POST /db/data/transaction HTTP/1.1" 201 146
2022-03-21 03:19:24,617 - py2neo.client - DEBUG - Releasing connection <py2neo.client.http.HTTP object at 0x000001C7C2D174C0> from thread <_MainThread(MainThread, started 25476)>
2022-03-21 03:19:24,617 - py2neo.client - DEBUG - Attempting to acquire read-write connection to default database
2022-03-21 03:19:24,617 - py2neo.client - DEBUG - Using connection pool <py2neo.client.ConnectionPool object at 0x000001C7C2CA4C10>
2022-03-21 03:19:24,617 - py2neo.client - DEBUG - Trying to acquire connection from pool <py2neo.client.ConnectionPool object at 0x000001C7C2CA4C10>
2022-03-21 03:19:24,617 - py2neo.client - DEBUG - Connection <py2neo.client.http.HTTP object at 0x000001C7C2D174C0> acquired by thread <_MainThread(MainThread, started 25476)>
2022-03-21 03:19:24,617 - py2neo.client.http - DEBUG - POST '/db/data/transaction/2' 'CREATE INDEX ON :EXPERIENCE(ID, experience_type)' {}
2022-03-21 03:19:24,685 - urllib3.connectionpool - DEBUG - http://localhost:7474 "POST /db/data/transaction/2 HTTP/1.1" 200 865
2022-03-21 03:19:24,685 - py2neo.client - DEBUG - Releasing connection <py2neo.client.http.HTTP object at 0x000001C7C2D174C0> from thread <_MainThread(MainThread, started 25476)>
2022-03-21 03:19:24,685 - py2neo.client - DEBUG - Attempting to acquire read-write connection to default database
2022-03-21 03:19:24,685 - py2neo.client - DEBUG - Using connection pool <py2neo.client.ConnectionPool object at 0x000001C7C2CA4C10>
2022-03-21 03:19:24,685 - py2neo.client - DEBUG - Trying to acquire connection from pool <py2neo.client.ConnectionPool object at 0x000001C7C2CA4C10>
2022-03-21 03:19:24,685 - py2neo.client - DEBUG - Connection <py2neo.client.http.HTTP object at 0x000001C7C2D174C0> acquired by thread <_MainThread(MainThread, started 25476)>
2022-03-21 03:19:24,685 - py2neo.client - DEBUG - Releasing connection <py2neo.client.http.HTTP object at 0x000001C7C2D174C0> from thread <_MainThread(MainThread, started 25476)>
2022-03-21 03:19:24,685 - py2neo.client - DEBUG - Attempting to acquire read-write connection to default database
2022-03-21 03:19:24,685 - py2neo.client - DEBUG - Using connection pool <py2neo.client.ConnectionPool object at 0x000001C7C2CA4C10>
2022-03-21 03:19:24,685 - py2neo.client - DEBUG - Trying to acquire connection from pool <py2neo.client.ConnectionPool object at 0x000001C7C2CA4C10>
2022-03-21 03:19:24,685 - py2neo.client - DEBUG - Connection <py2neo.client.http.HTTP object at 0x000001C7C2D174C0> acquired by thread <_MainThread(MainThread, started 25476)>
2022-03-21 03:19:24,685 - py2neo.client.http - DEBUG - POST '/db/data/transaction/2/commit' None None
2022-03-21 03:19:24,784 - urllib3.connectionpool - DEBUG - http://localhost:7474 "POST /db/data/transaction/2/commit HTTP/1.1" 200 88
2022-03-21 03:19:24,790 - py2neo.client - DEBUG - Releasing connection <py2neo.client.http.HTTP object at 0x000001C7C2D174C0> from thread <_MainThread(MainThread, started 25476)>
2022-03-21 03:19:24,791 - py2neo.client - DEBUG - Attempting to acquire read-write connection to default database
2022-03-21 03:19:24,791 - py2neo.client - DEBUG - Using connection pool <py2neo.client.ConnectionPool object at 0x000001C7C2CA4C10>
2022-03-21 03:19:24,791 - py2neo.client - DEBUG - Trying to acquire connection from pool <py2neo.client.ConnectionPool object at 0x000001C7C2CA4C10>
2022-03-21 03:19:24,791 - py2neo.client - DEBUG - Connection <py2neo.client.http.HTTP object at 0x000001C7C2D174C0> acquired by thread <_MainThread(MainThread, started 25476)>
2022-03-21 03:19:24,791 - py2neo.client.http - DEBUG - POST '/db/data/transaction/commit' 'CALL db.indexes' {}
2022-03-21 03:19:24,890 - urllib3.connectionpool - DEBUG - http://localhost:7474 "POST /db/data/transaction/commit HTTP/1.1" 200 808
2022-03-21 03:19:24,890 - py2neo.client - DEBUG - Releasing connection <py2neo.client.http.HTTP object at 0x000001C7C2D174C0> from thread <_MainThread(MainThread, started 25476)>
2022-03-21 03:19:24,890 - py2neo.client - DEBUG - Attempting to acquire read-write connection to default database
2022-03-21 03:19:24,890 - py2neo.client - DEBUG - Using connection pool <py2neo.client.ConnectionPool object at 0x000001C7C2CA4C10>
2022-03-21 03:19:24,890 - py2neo.client - DEBUG - Trying to acquire connection from pool <py2neo.client.ConnectionPool object at 0x000001C7C2CA4C10>
2022-03-21 03:19:24,890 - py2neo.client - DEBUG - Connection <py2neo.client.http.HTTP object at 0x000001C7C2D174C0> acquired by thread <_MainThread(MainThread, started 25476)>
2022-03-21 03:19:24,890 - py2neo.client - DEBUG - Releasing connection <py2neo.client.http.HTTP object at 0x000001C7C2D174C0> from thread <_MainThread(MainThread, started 25476)>
2022-03-21 03:19:24,890 - py2neo.client.json - DEBUG - Hydrating object ['EXPERIENCE']
2022-03-21 03:19:24,890 - py2neo.client.json - DEBUG - Hydrating object 'EXPERIENCE'
2022-03-21 03:19:24,890 - py2neo.client.json - DEBUG - Hydrating object ['ID', 'experience_type']
2022-03-21 03:19:24,890 - py2neo.client.json - DEBUG - Hydrating object 'ID'
2022-03-21 03:19:24,890 - py2neo.client.json - DEBUG - Hydrating object 'experience_type'
2022-03-21 03:19:24,890 - py2neo.client.json - DEBUG - Hydrating object []
2022-03-21 03:19:24,890 - py2neo.client.json - DEBUG - Hydrating object []
2022-03-21 03:19:24,890 - py2neo.client.json - DEBUG - Hydrating object []
2022-03-21 03:19:24,890 - py2neo.client.json - DEBUG - Hydrating object []
2022-03-21 03:19:24,890 - root - INFO - Index ('ID', 'experience_type') created on EXPERIENCE.
2022-03-21 03:19:24,890 - py2neo.client - DEBUG - Attempting to acquire read-write connection to default database
2022-03-21 03:19:24,890 - py2neo.client - DEBUG - Using connection pool <py2neo.client.ConnectionPool object at 0x000001C7C2CA4C10>
2022-03-21 03:19:24,890 - py2neo.client - DEBUG - Trying to acquire connection from pool <py2neo.client.ConnectionPool object at 0x000001C7C2CA4C10>
2022-03-21 03:19:24,890 - py2neo.client - DEBUG - Connection <py2neo.client.http.HTTP object at 0x000001C7C2D174C0> acquired by thread <_MainThread(MainThread, started 25476)>
2022-03-21 03:19:24,890 - py2neo.client.http - DEBUG - POST '/db/data/transaction/commit' 'CALL db.indexes' {}
2022-03-21 03:19:24,908 - urllib3.connectionpool - DEBUG - http://localhost:7474 "POST /db/data/transaction/commit HTTP/1.1" 200 808
2022-03-21 03:19:24,908 - py2neo.client - DEBUG - Releasing connection <py2neo.client.http.HTTP object at 0x000001C7C2D174C0> from thread <_MainThread(MainThread, started 25476)>
2022-03-21 03:19:24,908 - py2neo.client - DEBUG - Attempting to acquire read-write connection to default database
2022-03-21 03:19:24,908 - py2neo.client - DEBUG - Using connection pool <py2neo.client.ConnectionPool object at 0x000001C7C2CA4C10>
2022-03-21 03:19:24,908 - py2neo.client - DEBUG - Trying to acquire connection from pool <py2neo.client.ConnectionPool object at 0x000001C7C2CA4C10>
2022-03-21 03:19:24,908 - py2neo.client - DEBUG - Connection <py2neo.client.http.HTTP object at 0x000001C7C2D174C0> acquired by thread <_MainThread(MainThread, started 25476)>
2022-03-21 03:19:24,908 - py2neo.client - DEBUG - Releasing connection <py2neo.client.http.HTTP object at 0x000001C7C2D174C0> from thread <_MainThread(MainThread, started 25476)>
2022-03-21 03:19:24,908 - py2neo.client.json - DEBUG - Hydrating object ['EXPERIENCE']
2022-03-21 03:19:24,908 - py2neo.client.json - DEBUG - Hydrating object 'EXPERIENCE'
2022-03-21 03:19:24,908 - py2neo.client.json - DEBUG - Hydrating object ['ID', 'experience_type']
2022-03-21 03:19:24,908 - py2neo.client.json - DEBUG - Hydrating object 'ID'
2022-03-21 03:19:24,908 - py2neo.client.json - DEBUG - Hydrating object 'experience_type'
2022-03-21 03:19:24,908 - py2neo.client.json - DEBUG - Hydrating object []
2022-03-21 03:19:24,908 - py2neo.client.json - DEBUG - Hydrating object []
2022-03-21 03:19:24,908 - py2neo.client.json - DEBUG - Hydrating object []
2022-03-21 03:19:24,908 - py2neo.client.json - DEBUG - Hydrating object []
2022-03-21 03:19:24,908 - root - INFO - Index ('experience_type',) is missing on EXPERIENCE_TYPE. Creating index.
2022-03-21 03:19:24,908 - py2neo.client - DEBUG - Attempting to acquire read-write connection to default database
2022-03-21 03:19:24,908 - py2neo.client - DEBUG - Using connection pool <py2neo.client.ConnectionPool object at 0x000001C7C2CA4C10>
2022-03-21 03:19:24,908 - py2neo.client - DEBUG - Trying to acquire connection from pool <py2neo.client.ConnectionPool object at 0x000001C7C2CA4C10>
2022-03-21 03:19:24,908 - py2neo.client - DEBUG - Connection <py2neo.client.http.HTTP object at 0x000001C7C2D174C0> acquired by thread <_MainThread(MainThread, started 25476)>
2022-03-21 03:19:24,908 - py2neo.client.http - DEBUG - POST '/db/data/transaction' None None
2022-03-21 03:19:24,924 - urllib3.connectionpool - DEBUG - http://localhost:7474 "POST /db/data/transaction HTTP/1.1" 201 146
2022-03-21 03:19:24,924 - py2neo.client - DEBUG - Releasing connection <py2neo.client.http.HTTP object at 0x000001C7C2D174C0> from thread <_MainThread(MainThread, started 25476)>
2022-03-21 03:19:24,924 - py2neo.client - DEBUG - Attempting to acquire read-write connection to default database
2022-03-21 03:19:24,924 - py2neo.client - DEBUG - Using connection pool <py2neo.client.ConnectionPool object at 0x000001C7C2CA4C10>
2022-03-21 03:19:24,924 - py2neo.client - DEBUG - Trying to acquire connection from pool <py2neo.client.ConnectionPool object at 0x000001C7C2CA4C10>
2022-03-21 03:19:24,924 - py2neo.client - DEBUG - Connection <py2neo.client.http.HTTP object at 0x000001C7C2D174C0> acquired by thread <_MainThread(MainThread, started 25476)>
2022-03-21 03:19:24,924 - py2neo.client.http - DEBUG - POST '/db/data/transaction/5' 'CREATE INDEX ON :EXPERIENCE_TYPE(experience_type)' {}
2022-03-21 03:19:24,953 - urllib3.connectionpool - DEBUG - http://localhost:7474 "POST /db/data/transaction/5 HTTP/1.1" 200 865
2022-03-21 03:19:24,953 - py2neo.client - DEBUG - Releasing connection <py2neo.client.http.HTTP object at 0x000001C7C2D174C0> from thread <_MainThread(MainThread, started 25476)>
2022-03-21 03:19:24,953 - py2neo.client - DEBUG - Attempting to acquire read-write connection to default database
2022-03-21 03:19:24,953 - py2neo.client - DEBUG - Using connection pool <py2neo.client.ConnectionPool object at 0x000001C7C2CA4C10>
2022-03-21 03:19:24,953 - py2neo.client - DEBUG - Trying to acquire connection from pool <py2neo.client.ConnectionPool object at 0x000001C7C2CA4C10>
2022-03-21 03:19:24,953 - py2neo.client - DEBUG - Connection <py2neo.client.http.HTTP object at 0x000001C7C2D174C0> acquired by thread <_MainThread(MainThread, started 25476)>
2022-03-21 03:19:24,953 - py2neo.client - DEBUG - Releasing connection <py2neo.client.http.HTTP object at 0x000001C7C2D174C0> from thread <_MainThread(MainThread, started 25476)>
2022-03-21 03:19:24,953 - py2neo.client - DEBUG - Attempting to acquire read-write connection to default database
2022-03-21 03:19:24,953 - py2neo.client - DEBUG - Using connection pool <py2neo.client.ConnectionPool object at 0x000001C7C2CA4C10>
2022-03-21 03:19:24,953 - py2neo.client - DEBUG - Trying to acquire connection from pool <py2neo.client.ConnectionPool object at 0x000001C7C2CA4C10>
2022-03-21 03:19:24,953 - py2neo.client - DEBUG - Connection <py2neo.client.http.HTTP object at 0x000001C7C2D174C0> acquired by thread <_MainThread(MainThread, started 25476)>
2022-03-21 03:19:24,953 - py2neo.client.http - DEBUG - POST '/db/data/transaction/5/commit' None None
2022-03-21 03:19:24,990 - urllib3.connectionpool - DEBUG - http://localhost:7474 "POST /db/data/transaction/5/commit HTTP/1.1" 200 88
2022-03-21 03:19:24,990 - py2neo.client - DEBUG - Releasing connection <py2neo.client.http.HTTP object at 0x000001C7C2D174C0> from thread <_MainThread(MainThread, started 25476)>
2022-03-21 03:19:24,990 - py2neo.client - DEBUG - Attempting to acquire read-write connection to default database
2022-03-21 03:19:24,990 - py2neo.client - DEBUG - Using connection pool <py2neo.client.ConnectionPool object at 0x000001C7C2CA4C10>
2022-03-21 03:19:24,990 - py2neo.client - DEBUG - Trying to acquire connection from pool <py2neo.client.ConnectionPool object at 0x000001C7C2CA4C10>
2022-03-21 03:19:24,990 - py2neo.client - DEBUG - Connection <py2neo.client.http.HTTP object at 0x000001C7C2D174C0> acquired by thread <_MainThread(MainThread, started 25476)>
2022-03-21 03:19:24,990 - py2neo.client.http - DEBUG - POST '/db/data/transaction/commit' 'CALL db.indexes' {}
2022-03-21 03:19:25,058 - urllib3.connectionpool - DEBUG - http://localhost:7474 "POST /db/data/transaction/commit HTTP/1.1" 200 939
2022-03-21 03:19:25,058 - py2neo.client - DEBUG - Releasing connection <py2neo.client.http.HTTP object at 0x000001C7C2D174C0> from thread <_MainThread(MainThread, started 25476)>
2022-03-21 03:19:25,058 - py2neo.client - DEBUG - Attempting to acquire read-write connection to default database
2022-03-21 03:19:25,058 - py2neo.client - DEBUG - Using connection pool <py2neo.client.ConnectionPool object at 0x000001C7C2CA4C10>
2022-03-21 03:19:25,058 - py2neo.client - DEBUG - Trying to acquire connection from pool <py2neo.client.ConnectionPool object at 0x000001C7C2CA4C10>
2022-03-21 03:19:25,058 - py2neo.client - DEBUG - Connection <py2neo.client.http.HTTP object at 0x000001C7C2D174C0> acquired by thread <_MainThread(MainThread, started 25476)>
2022-03-21 03:19:25,058 - py2neo.client - DEBUG - Releasing connection <py2neo.client.http.HTTP object at 0x000001C7C2D174C0> from thread <_MainThread(MainThread, started 25476)>
2022-03-21 03:19:25,058 - py2neo.client.json - DEBUG - Hydrating object ['EXPERIENCE']
2022-03-21 03:19:25,058 - py2neo.client.json - DEBUG - Hydrating object 'EXPERIENCE'
2022-03-21 03:19:25,058 - py2neo.client.json - DEBUG - Hydrating object ['ID', 'experience_type']
2022-03-21 03:19:25,058 - py2neo.client.json - DEBUG - Hydrating object 'ID'
2022-03-21 03:19:25,058 - py2neo.client.json - DEBUG - Hydrating object 'experience_type'
2022-03-21 03:19:25,058 - py2neo.client.json - DEBUG - Hydrating object []
2022-03-21 03:19:25,058 - py2neo.client.json - DEBUG - Hydrating object []
2022-03-21 03:19:25,058 - py2neo.client.json - DEBUG - Hydrating object ['EXPERIENCE_TYPE']
2022-03-21 03:19:25,058 - py2neo.client.json - DEBUG - Hydrating object 'EXPERIENCE_TYPE'
2022-03-21 03:19:25,058 - py2neo.client.json - DEBUG - Hydrating object ['experience_type']
2022-03-21 03:19:25,058 - py2neo.client.json - DEBUG - Hydrating object 'experience_type'
2022-03-21 03:19:25,058 - py2neo.client.json - DEBUG - Hydrating object []
2022-03-21 03:19:25,058 - py2neo.client.json - DEBUG - Hydrating object []
2022-03-21 03:19:25,058 - root - INFO - Index ('experience_type',) created on EXPERIENCE_TYPE.
2022-03-21 03:19:25,058 - py2neo.client - DEBUG - Attempting to acquire read-write connection to default database
2022-03-21 03:19:25,058 - py2neo.client - DEBUG - Using connection pool <py2neo.client.ConnectionPool object at 0x000001C7C2CA4C10>
2022-03-21 03:19:25,058 - py2neo.client - DEBUG - Trying to acquire connection from pool <py2neo.client.ConnectionPool object at 0x000001C7C2CA4C10>
2022-03-21 03:19:25,058 - py2neo.client - DEBUG - Connection <py2neo.client.http.HTTP object at 0x000001C7C2D174C0> acquired by thread <_MainThread(MainThread, started 25476)>
2022-03-21 03:19:25,058 - py2neo.client.http - DEBUG - POST '/db/data/transaction/commit' 'CALL db.indexes' {}
2022-03-21 03:19:25,074 - urllib3.connectionpool - DEBUG - http://localhost:7474 "POST /db/data/transaction/commit HTTP/1.1" 200 939
2022-03-21 03:19:25,074 - py2neo.client - DEBUG - Releasing connection <py2neo.client.http.HTTP object at 0x000001C7C2D174C0> from thread <_MainThread(MainThread, started 25476)>
2022-03-21 03:19:25,074 - py2neo.client - DEBUG - Attempting to acquire read-write connection to default database
2022-03-21 03:19:25,074 - py2neo.client - DEBUG - Using connection pool <py2neo.client.ConnectionPool object at 0x000001C7C2CA4C10>
2022-03-21 03:19:25,074 - py2neo.client - DEBUG - Trying to acquire connection from pool <py2neo.client.ConnectionPool object at 0x000001C7C2CA4C10>
2022-03-21 03:19:25,074 - py2neo.client - DEBUG - Connection <py2neo.client.http.HTTP object at 0x000001C7C2D174C0> acquired by thread <_MainThread(MainThread, started 25476)>
2022-03-21 03:19:25,074 - py2neo.client - DEBUG - Releasing connection <py2neo.client.http.HTTP object at 0x000001C7C2D174C0> from thread <_MainThread(MainThread, started 25476)>
2022-03-21 03:19:25,074 - py2neo.client.json - DEBUG - Hydrating object ['EXPERIENCE']
2022-03-21 03:19:25,074 - py2neo.client.json - DEBUG - Hydrating object 'EXPERIENCE'
2022-03-21 03:19:25,074 - py2neo.client.json - DEBUG - Hydrating object ['ID', 'experience_type']
2022-03-21 03:19:25,074 - py2neo.client.json - DEBUG - Hydrating object 'ID'
2022-03-21 03:19:25,074 - py2neo.client.json - DEBUG - Hydrating object 'experience_type'
2022-03-21 03:19:25,074 - py2neo.client.json - DEBUG - Hydrating object []
2022-03-21 03:19:25,074 - py2neo.client.json - DEBUG - Hydrating object []
2022-03-21 03:19:25,074 - py2neo.client.json - DEBUG - Hydrating object ['EXPERIENCE_TYPE']
2022-03-21 03:19:25,074 - py2neo.client.json - DEBUG - Hydrating object 'EXPERIENCE_TYPE'
2022-03-21 03:19:25,074 - py2neo.client.json - DEBUG - Hydrating object ['experience_type']
2022-03-21 03:19:25,074 - py2neo.client.json - DEBUG - Hydrating object 'experience_type'
2022-03-21 03:19:25,074 - py2neo.client.json - DEBUG - Hydrating object []
2022-03-21 03:19:25,074 - py2neo.client.json - DEBUG - Hydrating object []
2022-03-21 03:19:25,074 - root - INFO - Index ('ID',) is missing on PROFILE. Creating index.
2022-03-21 03:19:25,074 - py2neo.client - DEBUG - Attempting to acquire read-write connection to default database
2022-03-21 03:19:25,074 - py2neo.client - DEBUG - Using connection pool <py2neo.client.ConnectionPool object at 0x000001C7C2CA4C10>
2022-03-21 03:19:25,074 - py2neo.client - DEBUG - Trying to acquire connection from pool <py2neo.client.ConnectionPool object at 0x000001C7C2CA4C10>
2022-03-21 03:19:25,074 - py2neo.client - DEBUG - Connection <py2neo.client.http.HTTP object at 0x000001C7C2D174C0> acquired by thread <_MainThread(MainThread, started 25476)>
2022-03-21 03:19:25,074 - py2neo.client.http - DEBUG - POST '/db/data/transaction' None None
2022-03-21 03:19:25,074 - urllib3.connectionpool - DEBUG - http://localhost:7474 "POST /db/data/transaction HTTP/1.1" 201 146
2022-03-21 03:19:25,074 - py2neo.client - DEBUG - Releasing connection <py2neo.client.http.HTTP object at 0x000001C7C2D174C0> from thread <_MainThread(MainThread, started 25476)>
2022-03-21 03:19:25,074 - py2neo.client - DEBUG - Attempting to acquire read-write connection to default database
2022-03-21 03:19:25,074 - py2neo.client - DEBUG - Using connection pool <py2neo.client.ConnectionPool object at 0x000001C7C2CA4C10>
2022-03-21 03:19:25,074 - py2neo.client - DEBUG - Trying to acquire connection from pool <py2neo.client.ConnectionPool object at 0x000001C7C2CA4C10>
2022-03-21 03:19:25,074 - py2neo.client - DEBUG - Connection <py2neo.client.http.HTTP object at 0x000001C7C2D174C0> acquired by thread <_MainThread(MainThread, started 25476)>
2022-03-21 03:19:25,074 - py2neo.client.http - DEBUG - POST '/db/data/transaction/8' 'CREATE INDEX ON :PROFILE(ID)' {}
2022-03-21 03:19:25,090 - urllib3.connectionpool - DEBUG - http://localhost:7474 "POST /db/data/transaction/8 HTTP/1.1" 200 865
2022-03-21 03:19:25,090 - py2neo.client - DEBUG - Releasing connection <py2neo.client.http.HTTP object at 0x000001C7C2D174C0> from thread <_MainThread(MainThread, started 25476)>
2022-03-21 03:19:25,090 - py2neo.client - DEBUG - Attempting to acquire read-write connection to default database
2022-03-21 03:19:25,090 - py2neo.client - DEBUG - Using connection pool <py2neo.client.ConnectionPool object at 0x000001C7C2CA4C10>
2022-03-21 03:19:25,090 - py2neo.client - DEBUG - Trying to acquire connection from pool <py2neo.client.ConnectionPool object at 0x000001C7C2CA4C10>
2022-03-21 03:19:25,090 - py2neo.client - DEBUG - Connection <py2neo.client.http.HTTP object at 0x000001C7C2D174C0> acquired by thread <_MainThread(MainThread, started 25476)>
2022-03-21 03:19:25,090 - py2neo.client - DEBUG - Releasing connection <py2neo.client.http.HTTP object at 0x000001C7C2D174C0> from thread <_MainThread(MainThread, started 25476)>
2022-03-21 03:19:25,090 - py2neo.client - DEBUG - Attempting to acquire read-write connection to default database
2022-03-21 03:19:25,090 - py2neo.client - DEBUG - Using connection pool <py2neo.client.ConnectionPool object at 0x000001C7C2CA4C10>
2022-03-21 03:19:25,090 - py2neo.client - DEBUG - Trying to acquire connection from pool <py2neo.client.ConnectionPool object at 0x000001C7C2CA4C10>
2022-03-21 03:19:25,090 - py2neo.client - DEBUG - Connection <py2neo.client.http.HTTP object at 0x000001C7C2D174C0> acquired by thread <_MainThread(MainThread, started 25476)>
2022-03-21 03:19:25,090 - py2neo.client.http - DEBUG - POST '/db/data/transaction/8/commit' None None
2022-03-21 03:19:25,162 - urllib3.connectionpool - DEBUG - http://localhost:7474 "POST /db/data/transaction/8/commit HTTP/1.1" 200 88
2022-03-21 03:19:25,162 - py2neo.client - DEBUG - Releasing connection <py2neo.client.http.HTTP object at 0x000001C7C2D174C0> from thread <_MainThread(MainThread, started 25476)>
2022-03-21 03:19:25,162 - py2neo.client - DEBUG - Attempting to acquire read-write connection to default database
2022-03-21 03:19:25,162 - py2neo.client - DEBUG - Using connection pool <py2neo.client.ConnectionPool object at 0x000001C7C2CA4C10>
2022-03-21 03:19:25,162 - py2neo.client - DEBUG - Trying to acquire connection from pool <py2neo.client.ConnectionPool object at 0x000001C7C2CA4C10>
2022-03-21 03:19:25,162 - py2neo.client - DEBUG - Connection <py2neo.client.http.HTTP object at 0x000001C7C2D174C0> acquired by thread <_MainThread(MainThread, started 25476)>
2022-03-21 03:19:25,162 - py2neo.client.http - DEBUG - POST '/db/data/transaction/commit' 'CALL db.indexes' {}
2022-03-21 03:19:25,290 - urllib3.connectionpool - DEBUG - http://localhost:7474 "POST /db/data/transaction/commit HTTP/1.1" 200 1049
2022-03-21 03:19:25,290 - py2neo.client - DEBUG - Releasing connection <py2neo.client.http.HTTP object at 0x000001C7C2D174C0> from thread <_MainThread(MainThread, started 25476)>
2022-03-21 03:19:25,290 - py2neo.client - DEBUG - Attempting to acquire read-write connection to default database
2022-03-21 03:19:25,290 - py2neo.client - DEBUG - Using connection pool <py2neo.client.ConnectionPool object at 0x000001C7C2CA4C10>
2022-03-21 03:19:25,290 - py2neo.client - DEBUG - Trying to acquire connection from pool <py2neo.client.ConnectionPool object at 0x000001C7C2CA4C10>
2022-03-21 03:19:25,290 - py2neo.client - DEBUG - Connection <py2neo.client.http.HTTP object at 0x000001C7C2D174C0> acquired by thread <_MainThread(MainThread, started 25476)>
2022-03-21 03:19:25,290 - py2neo.client - DEBUG - Releasing connection <py2neo.client.http.HTTP object at 0x000001C7C2D174C0> from thread <_MainThread(MainThread, started 25476)>
2022-03-21 03:19:25,290 - py2neo.client.json - DEBUG - Hydrating object ['EXPERIENCE']
2022-03-21 03:19:25,290 - py2neo.client.json - DEBUG - Hydrating object 'EXPERIENCE'
2022-03-21 03:19:25,290 - py2neo.client.json - DEBUG - Hydrating object ['ID', 'experience_type']
2022-03-21 03:19:25,290 - py2neo.client.json - DEBUG - Hydrating object 'ID'
2022-03-21 03:19:25,290 - py2neo.client.json - DEBUG - Hydrating object 'experience_type'
2022-03-21 03:19:25,290 - py2neo.client.json - DEBUG - Hydrating object []
2022-03-21 03:19:25,290 - py2neo.client.json - DEBUG - Hydrating object []
2022-03-21 03:19:25,290 - py2neo.client.json - DEBUG - Hydrating object ['PROFILE']
2022-03-21 03:19:25,290 - py2neo.client.json - DEBUG - Hydrating object 'PROFILE'
2022-03-21 03:19:25,290 - py2neo.client.json - DEBUG - Hydrating object ['ID']
2022-03-21 03:19:25,290 - py2neo.client.json - DEBUG - Hydrating object 'ID'
2022-03-21 03:19:25,290 - py2neo.client.json - DEBUG - Hydrating object ['EXPERIENCE_TYPE']
2022-03-21 03:19:25,290 - py2neo.client.json - DEBUG - Hydrating object 'EXPERIENCE_TYPE'
2022-03-21 03:19:25,290 - py2neo.client.json - DEBUG - Hydrating object ['experience_type']
2022-03-21 03:19:25,290 - py2neo.client.json - DEBUG - Hydrating object 'experience_type'
2022-03-21 03:19:25,290 - py2neo.client.json - DEBUG - Hydrating object []
2022-03-21 03:19:25,290 - py2neo.client.json - DEBUG - Hydrating object []
2022-03-21 03:19:25,290 - root - INFO - Index ('ID',) created on PROFILE.
2022-03-21 03:19:25,298 - py2neo.client - DEBUG - Attempting to acquire read-write connection to default database
2022-03-21 03:19:25,298 - py2neo.client - DEBUG - Using connection pool <py2neo.client.ConnectionPool object at 0x000001C7C2CA4C10>
2022-03-21 03:19:25,298 - py2neo.client - DEBUG - Trying to acquire connection from pool <py2neo.client.ConnectionPool object at 0x000001C7C2CA4C10>
2022-03-21 03:19:25,298 - py2neo.client - DEBUG - Connection <py2neo.client.http.HTTP object at 0x000001C7C2D174C0> acquired by thread <_MainThread(MainThread, started 25476)>
2022-03-21 03:19:25,298 - py2neo.client.http - DEBUG - POST '/db/data/transaction/commit' 'CALL db.indexes' {}
2022-03-21 03:19:25,308 - urllib3.connectionpool - DEBUG - http://localhost:7474 "POST /db/data/transaction/commit HTTP/1.1" 200 1049
2022-03-21 03:19:25,308 - py2neo.client - DEBUG - Releasing connection <py2neo.client.http.HTTP object at 0x000001C7C2D174C0> from thread <_MainThread(MainThread, started 25476)>
2022-03-21 03:19:25,308 - py2neo.client - DEBUG - Attempting to acquire read-write connection to default database
2022-03-21 03:19:25,308 - py2neo.client - DEBUG - Using connection pool <py2neo.client.ConnectionPool object at 0x000001C7C2CA4C10>
2022-03-21 03:19:25,308 - py2neo.client - DEBUG - Trying to acquire connection from pool <py2neo.client.ConnectionPool object at 0x000001C7C2CA4C10>
2022-03-21 03:19:25,308 - py2neo.client - DEBUG - Connection <py2neo.client.http.HTTP object at 0x000001C7C2D174C0> acquired by thread <_MainThread(MainThread, started 25476)>
2022-03-21 03:19:25,308 - py2neo.client - DEBUG - Releasing connection <py2neo.client.http.HTTP object at 0x000001C7C2D174C0> from thread <_MainThread(MainThread, started 25476)>
2022-03-21 03:19:25,308 - py2neo.client.json - DEBUG - Hydrating object ['EXPERIENCE']
2022-03-21 03:19:25,308 - py2neo.client.json - DEBUG - Hydrating object 'EXPERIENCE'
2022-03-21 03:19:25,308 - py2neo.client.json - DEBUG - Hydrating object ['ID', 'experience_type']
2022-03-21 03:19:25,308 - py2neo.client.json - DEBUG - Hydrating object 'ID'
2022-03-21 03:19:25,308 - py2neo.client.json - DEBUG - Hydrating object 'experience_type'
2022-03-21 03:19:25,308 - py2neo.client.json - DEBUG - Hydrating object []
2022-03-21 03:19:25,308 - py2neo.client.json - DEBUG - Hydrating object []
2022-03-21 03:19:25,308 - py2neo.client.json - DEBUG - Hydrating object ['PROFILE']
2022-03-21 03:19:25,308 - py2neo.client.json - DEBUG - Hydrating object 'PROFILE'
2022-03-21 03:19:25,308 - py2neo.client.json - DEBUG - Hydrating object ['ID']
2022-03-21 03:19:25,308 - py2neo.client.json - DEBUG - Hydrating object 'ID'
2022-03-21 03:19:25,308 - py2neo.client.json - DEBUG - Hydrating object ['EXPERIENCE_TYPE']
2022-03-21 03:19:25,308 - py2neo.client.json - DEBUG - Hydrating object 'EXPERIENCE_TYPE'
2022-03-21 03:19:25,308 - py2neo.client.json - DEBUG - Hydrating object ['experience_type']
2022-03-21 03:19:25,308 - py2neo.client.json - DEBUG - Hydrating object 'experience_type'
2022-03-21 03:19:25,308 - py2neo.client.json - DEBUG - Hydrating object []
2022-03-21 03:19:25,308 - py2neo.client.json - DEBUG - Hydrating object []
2022-03-21 03:19:25,308 - root - INFO - Index ('skill_id', 'conceptUri', 'reuseLevel', 'skillType', 'preferred_label', 'description') is missing on SKILL. Creating index.
2022-03-21 03:19:25,308 - py2neo.client - DEBUG - Attempting to acquire read-write connection to default database
2022-03-21 03:19:25,308 - py2neo.client - DEBUG - Using connection pool <py2neo.client.ConnectionPool object at 0x000001C7C2CA4C10>
2022-03-21 03:19:25,308 - py2neo.client - DEBUG - Trying to acquire connection from pool <py2neo.client.ConnectionPool object at 0x000001C7C2CA4C10>
2022-03-21 03:19:25,308 - py2neo.client - DEBUG - Connection <py2neo.client.http.HTTP object at 0x000001C7C2D174C0> acquired by thread <_MainThread(MainThread, started 25476)>
2022-03-21 03:19:25,308 - py2neo.client.http - DEBUG - POST '/db/data/transaction' None None
2022-03-21 03:19:25,326 - urllib3.connectionpool - DEBUG - http://localhost:7474 "POST /db/data/transaction HTTP/1.1" 201 147
2022-03-21 03:19:25,326 - py2neo.client - DEBUG - Releasing connection <py2neo.client.http.HTTP object at 0x000001C7C2D174C0> from thread <_MainThread(MainThread, started 25476)>
2022-03-21 03:19:25,326 - py2neo.client - DEBUG - Attempting to acquire read-write connection to default database
2022-03-21 03:19:25,326 - py2neo.client - DEBUG - Using connection pool <py2neo.client.ConnectionPool object at 0x000001C7C2CA4C10>
2022-03-21 03:19:25,326 - py2neo.client - DEBUG - Trying to acquire connection from pool <py2neo.client.ConnectionPool object at 0x000001C7C2CA4C10>
2022-03-21 03:19:25,326 - py2neo.client - DEBUG - Connection <py2neo.client.http.HTTP object at 0x000001C7C2D174C0> acquired by thread <_MainThread(MainThread, started 25476)>
2022-03-21 03:19:25,326 - py2neo.client.http - DEBUG - POST '/db/data/transaction/11' 'CREATE INDEX ON :SKILL(skill_id, conceptUri, reuseLevel, skillType, preferred_label, description)' {}
2022-03-21 03:19:25,357 - urllib3.connectionpool - DEBUG - http://localhost:7474 "POST /db/data/transaction/11 HTTP/1.1" 200 866
2022-03-21 03:19:25,357 - py2neo.client - DEBUG - Releasing connection <py2neo.client.http.HTTP object at 0x000001C7C2D174C0> from thread <_MainThread(MainThread, started 25476)>
2022-03-21 03:19:25,357 - py2neo.client - DEBUG - Attempting to acquire read-write connection to default database
2022-03-21 03:19:25,357 - py2neo.client - DEBUG - Using connection pool <py2neo.client.ConnectionPool object at 0x000001C7C2CA4C10>
2022-03-21 03:19:25,357 - py2neo.client - DEBUG - Trying to acquire connection from pool <py2neo.client.ConnectionPool object at 0x000001C7C2CA4C10>
2022-03-21 03:19:25,357 - py2neo.client - DEBUG - Connection <py2neo.client.http.HTTP object at 0x000001C7C2D174C0> acquired by thread <_MainThread(MainThread, started 25476)>
2022-03-21 03:19:25,357 - py2neo.client - DEBUG - Releasing connection <py2neo.client.http.HTTP object at 0x000001C7C2D174C0> from thread <_MainThread(MainThread, started 25476)>
2022-03-21 03:19:25,357 - py2neo.client - DEBUG - Attempting to acquire read-write connection to default database
2022-03-21 03:19:25,357 - py2neo.client - DEBUG - Using connection pool <py2neo.client.ConnectionPool object at 0x000001C7C2CA4C10>
2022-03-21 03:19:25,357 - py2neo.client - DEBUG - Trying to acquire connection from pool <py2neo.client.ConnectionPool object at 0x000001C7C2CA4C10>
2022-03-21 03:19:25,357 - py2neo.client - DEBUG - Connection <py2neo.client.http.HTTP object at 0x000001C7C2D174C0> acquired by thread <_MainThread(MainThread, started 25476)>
2022-03-21 03:19:25,357 - py2neo.client.http - DEBUG - POST '/db/data/transaction/11/commit' None None
2022-03-21 03:19:25,429 - urllib3.connectionpool - DEBUG - http://localhost:7474 "POST /db/data/transaction/11/commit HTTP/1.1" 200 89
2022-03-21 03:19:25,429 - py2neo.client - DEBUG - Releasing connection <py2neo.client.http.HTTP object at 0x000001C7C2D174C0> from thread <_MainThread(MainThread, started 25476)>
2022-03-21 03:19:25,429 - py2neo.client - DEBUG - Attempting to acquire read-write connection to default database
2022-03-21 03:19:25,429 - py2neo.client - DEBUG - Using connection pool <py2neo.client.ConnectionPool object at 0x000001C7C2CA4C10>
2022-03-21 03:19:25,429 - py2neo.client - DEBUG - Trying to acquire connection from pool <py2neo.client.ConnectionPool object at 0x000001C7C2CA4C10>
2022-03-21 03:19:25,429 - py2neo.client - DEBUG - Connection <py2neo.client.http.HTTP object at 0x000001C7C2D174C0> acquired by thread <_MainThread(MainThread, started 25476)>
2022-03-21 03:19:25,429 - py2neo.client.http - DEBUG - POST '/db/data/transaction/commit' 'CALL db.indexes' {}
2022-03-21 03:19:25,490 - urllib3.connectionpool - DEBUG - http://localhost:7474 "POST /db/data/transaction/commit HTTP/1.1" 200 1232
2022-03-21 03:19:25,490 - py2neo.client - DEBUG - Releasing connection <py2neo.client.http.HTTP object at 0x000001C7C2D174C0> from thread <_MainThread(MainThread, started 25476)>
2022-03-21 03:19:25,490 - py2neo.client - DEBUG - Attempting to acquire read-write connection to default database
2022-03-21 03:19:25,490 - py2neo.client - DEBUG - Using connection pool <py2neo.client.ConnectionPool object at 0x000001C7C2CA4C10>
2022-03-21 03:19:25,490 - py2neo.client - DEBUG - Trying to acquire connection from pool <py2neo.client.ConnectionPool object at 0x000001C7C2CA4C10>
2022-03-21 03:19:25,490 - py2neo.client - DEBUG - Connection <py2neo.client.http.HTTP object at 0x000001C7C2D174C0> acquired by thread <_MainThread(MainThread, started 25476)>
2022-03-21 03:19:25,490 - py2neo.client - DEBUG - Releasing connection <py2neo.client.http.HTTP object at 0x000001C7C2D174C0> from thread <_MainThread(MainThread, started 25476)>
2022-03-21 03:19:25,490 - py2neo.client.json - DEBUG - Hydrating object ['SKILL']
2022-03-21 03:19:25,490 - py2neo.client.json - DEBUG - Hydrating object 'SKILL'
2022-03-21 03:19:25,490 - py2neo.client.json - DEBUG - Hydrating object ['skill_id', 'conceptUri', 'reuseLevel', 'skillType', 'preferred_label', 'description']
2022-03-21 03:19:25,490 - py2neo.client.json - DEBUG - Hydrating object 'skill_id'
2022-03-21 03:19:25,490 - py2neo.client.json - DEBUG - Hydrating object 'conceptUri'
2022-03-21 03:19:25,490 - py2neo.client.json - DEBUG - Hydrating object 'reuseLevel'
2022-03-21 03:19:25,490 - py2neo.client.json - DEBUG - Hydrating object 'skillType'
2022-03-21 03:19:25,490 - py2neo.client.json - DEBUG - Hydrating object 'preferred_label'
2022-03-21 03:19:25,490 - py2neo.client.json - DEBUG - Hydrating object 'description'
2022-03-21 03:19:25,490 - py2neo.client.json - DEBUG - Hydrating object ['EXPERIENCE']
2022-03-21 03:19:25,490 - py2neo.client.json - DEBUG - Hydrating object 'EXPERIENCE'
2022-03-21 03:19:25,490 - py2neo.client.json - DEBUG - Hydrating object ['ID', 'experience_type']
2022-03-21 03:19:25,490 - py2neo.client.json - DEBUG - Hydrating object 'ID'
2022-03-21 03:19:25,490 - py2neo.client.json - DEBUG - Hydrating object 'experience_type'
2022-03-21 03:19:25,490 - py2neo.client.json - DEBUG - Hydrating object []
2022-03-21 03:19:25,490 - py2neo.client.json - DEBUG - Hydrating object []
2022-03-21 03:19:25,490 - py2neo.client.json - DEBUG - Hydrating object ['PROFILE']
2022-03-21 03:19:25,490 - py2neo.client.json - DEBUG - Hydrating object 'PROFILE'
2022-03-21 03:19:25,490 - py2neo.client.json - DEBUG - Hydrating object ['ID']
2022-03-21 03:19:25,490 - py2neo.client.json - DEBUG - Hydrating object 'ID'
2022-03-21 03:19:25,490 - py2neo.client.json - DEBUG - Hydrating object ['EXPERIENCE_TYPE']
2022-03-21 03:19:25,490 - py2neo.client.json - DEBUG - Hydrating object 'EXPERIENCE_TYPE'
2022-03-21 03:19:25,490 - py2neo.client.json - DEBUG - Hydrating object ['experience_type']
2022-03-21 03:19:25,490 - py2neo.client.json - DEBUG - Hydrating object 'experience_type'
2022-03-21 03:19:25,490 - py2neo.client.json - DEBUG - Hydrating object []
2022-03-21 03:19:25,490 - py2neo.client.json - DEBUG - Hydrating object []
2022-03-21 03:19:25,490 - root - INFO - Index ('skill_id', 'conceptUri', 'reuseLevel', 'skillType', 'preferred_label', 'description') created on SKILL.
2022-03-21 03:19:25,490 - root - INFO - Index ('skill_id',) is missing on SKILL. Creating index.
2022-03-21 03:19:25,490 - py2neo.client - DEBUG - Attempting to acquire read-write connection to default database
2022-03-21 03:19:25,490 - py2neo.client - DEBUG - Using connection pool <py2neo.client.ConnectionPool object at 0x000001C7C2CA4C10>
2022-03-21 03:19:25,490 - py2neo.client - DEBUG - Trying to acquire connection from pool <py2neo.client.ConnectionPool object at 0x000001C7C2CA4C10>
2022-03-21 03:19:25,490 - py2neo.client - DEBUG - Connection <py2neo.client.http.HTTP object at 0x000001C7C2D174C0> acquired by thread <_MainThread(MainThread, started 25476)>
2022-03-21 03:19:25,490 - py2neo.client.http - DEBUG - POST '/db/data/transaction' None None
2022-03-21 03:19:25,490 - urllib3.connectionpool - DEBUG - http://localhost:7474 "POST /db/data/transaction HTTP/1.1" 201 147
2022-03-21 03:19:25,490 - py2neo.client - DEBUG - Releasing connection <py2neo.client.http.HTTP object at 0x000001C7C2D174C0> from thread <_MainThread(MainThread, started 25476)>
2022-03-21 03:19:25,490 - py2neo.client - DEBUG - Attempting to acquire read-write connection to default database
2022-03-21 03:19:25,490 - py2neo.client - DEBUG - Using connection pool <py2neo.client.ConnectionPool object at 0x000001C7C2CA4C10>
2022-03-21 03:19:25,490 - py2neo.client - DEBUG - Trying to acquire connection from pool <py2neo.client.ConnectionPool object at 0x000001C7C2CA4C10>
2022-03-21 03:19:25,490 - py2neo.client - DEBUG - Connection <py2neo.client.http.HTTP object at 0x000001C7C2D174C0> acquired by thread <_MainThread(MainThread, started 25476)>
2022-03-21 03:19:25,490 - py2neo.client.http - DEBUG - POST '/db/data/transaction/13' 'CREATE INDEX ON :SKILL(skill_id)' {}
2022-03-21 03:19:25,507 - urllib3.connectionpool - DEBUG - http://localhost:7474 "POST /db/data/transaction/13 HTTP/1.1" 200 866
2022-03-21 03:19:25,507 - py2neo.client - DEBUG - Releasing connection <py2neo.client.http.HTTP object at 0x000001C7C2D174C0> from thread <_MainThread(MainThread, started 25476)>
2022-03-21 03:19:25,507 - py2neo.client - DEBUG - Attempting to acquire read-write connection to default database
2022-03-21 03:19:25,507 - py2neo.client - DEBUG - Using connection pool <py2neo.client.ConnectionPool object at 0x000001C7C2CA4C10>
2022-03-21 03:19:25,507 - py2neo.client - DEBUG - Trying to acquire connection from pool <py2neo.client.ConnectionPool object at 0x000001C7C2CA4C10>
2022-03-21 03:19:25,507 - py2neo.client - DEBUG - Connection <py2neo.client.http.HTTP object at 0x000001C7C2D174C0> acquired by thread <_MainThread(MainThread, started 25476)>
2022-03-21 03:19:25,507 - py2neo.client - DEBUG - Releasing connection <py2neo.client.http.HTTP object at 0x000001C7C2D174C0> from thread <_MainThread(MainThread, started 25476)>
2022-03-21 03:19:25,507 - py2neo.client - DEBUG - Attempting to acquire read-write connection to default database
2022-03-21 03:19:25,507 - py2neo.client - DEBUG - Using connection pool <py2neo.client.ConnectionPool object at 0x000001C7C2CA4C10>
2022-03-21 03:19:25,507 - py2neo.client - DEBUG - Trying to acquire connection from pool <py2neo.client.ConnectionPool object at 0x000001C7C2CA4C10>
2022-03-21 03:19:25,507 - py2neo.client - DEBUG - Connection <py2neo.client.http.HTTP object at 0x000001C7C2D174C0> acquired by thread <_MainThread(MainThread, started 25476)>
2022-03-21 03:19:25,507 - py2neo.client.http - DEBUG - POST '/db/data/transaction/13/commit' None None
2022-03-21 03:19:25,590 - urllib3.connectionpool - DEBUG - http://localhost:7474 "POST /db/data/transaction/13/commit HTTP/1.1" 200 89
2022-03-21 03:19:25,590 - py2neo.client - DEBUG - Releasing connection <py2neo.client.http.HTTP object at 0x000001C7C2D174C0> from thread <_MainThread(MainThread, started 25476)>
2022-03-21 03:19:25,590 - py2neo.client - DEBUG - Attempting to acquire read-write connection to default database
2022-03-21 03:19:25,590 - py2neo.client - DEBUG - Using connection pool <py2neo.client.ConnectionPool object at 0x000001C7C2CA4C10>
2022-03-21 03:19:25,590 - py2neo.client - DEBUG - Trying to acquire connection from pool <py2neo.client.ConnectionPool object at 0x000001C7C2CA4C10>
2022-03-21 03:19:25,590 - py2neo.client - DEBUG - Connection <py2neo.client.http.HTTP object at 0x000001C7C2D174C0> acquired by thread <_MainThread(MainThread, started 25476)>
2022-03-21 03:19:25,590 - py2neo.client.http - DEBUG - POST '/db/data/transaction/commit' 'CALL db.indexes' {}
2022-03-21 03:19:25,653 - urllib3.connectionpool - DEBUG - http://localhost:7474 "POST /db/data/transaction/commit HTTP/1.1" 200 1346
2022-03-21 03:19:25,653 - py2neo.client - DEBUG - Releasing connection <py2neo.client.http.HTTP object at 0x000001C7C2D174C0> from thread <_MainThread(MainThread, started 25476)>
2022-03-21 03:19:25,653 - py2neo.client - DEBUG - Attempting to acquire read-write connection to default database
2022-03-21 03:19:25,653 - py2neo.client - DEBUG - Using connection pool <py2neo.client.ConnectionPool object at 0x000001C7C2CA4C10>
2022-03-21 03:19:25,653 - py2neo.client - DEBUG - Trying to acquire connection from pool <py2neo.client.ConnectionPool object at 0x000001C7C2CA4C10>
2022-03-21 03:19:25,653 - py2neo.client - DEBUG - Connection <py2neo.client.http.HTTP object at 0x000001C7C2D174C0> acquired by thread <_MainThread(MainThread, started 25476)>
2022-03-21 03:19:25,653 - py2neo.client - DEBUG - Releasing connection <py2neo.client.http.HTTP object at 0x000001C7C2D174C0> from thread <_MainThread(MainThread, started 25476)>
2022-03-21 03:19:25,653 - py2neo.client.json - DEBUG - Hydrating object ['SKILL']
2022-03-21 03:19:25,653 - py2neo.client.json - DEBUG - Hydrating object 'SKILL'
2022-03-21 03:19:25,653 - py2neo.client.json - DEBUG - Hydrating object ['skill_id', 'conceptUri', 'reuseLevel', 'skillType', 'preferred_label', 'description']
2022-03-21 03:19:25,653 - py2neo.client.json - DEBUG - Hydrating object 'skill_id'
2022-03-21 03:19:25,653 - py2neo.client.json - DEBUG - Hydrating object 'conceptUri'
2022-03-21 03:19:25,653 - py2neo.client.json - DEBUG - Hydrating object 'reuseLevel'
2022-03-21 03:19:25,653 - py2neo.client.json - DEBUG - Hydrating object 'skillType'
2022-03-21 03:19:25,653 - py2neo.client.json - DEBUG - Hydrating object 'preferred_label'
2022-03-21 03:19:25,653 - py2neo.client.json - DEBUG - Hydrating object 'description'
2022-03-21 03:19:25,653 - py2neo.client.json - DEBUG - Hydrating object ['EXPERIENCE']
2022-03-21 03:19:25,653 - py2neo.client.json - DEBUG - Hydrating object 'EXPERIENCE'
2022-03-21 03:19:25,653 - py2neo.client.json - DEBUG - Hydrating object ['ID', 'experience_type']
2022-03-21 03:19:25,653 - py2neo.client.json - DEBUG - Hydrating object 'ID'
2022-03-21 03:19:25,653 - py2neo.client.json - DEBUG - Hydrating object 'experience_type'
2022-03-21 03:19:25,653 - py2neo.client.json - DEBUG - Hydrating object []
2022-03-21 03:19:25,653 - py2neo.client.json - DEBUG - Hydrating object []
2022-03-21 03:19:25,653 - py2neo.client.json - DEBUG - Hydrating object ['SKILL']
2022-03-21 03:19:25,653 - py2neo.client.json - DEBUG - Hydrating object 'SKILL'
2022-03-21 03:19:25,653 - py2neo.client.json - DEBUG - Hydrating object ['skill_id']
2022-03-21 03:19:25,653 - py2neo.client.json - DEBUG - Hydrating object 'skill_id'
2022-03-21 03:19:25,653 - py2neo.client.json - DEBUG - Hydrating object ['PROFILE']
2022-03-21 03:19:25,653 - py2neo.client.json - DEBUG - Hydrating object 'PROFILE'
2022-03-21 03:19:25,653 - py2neo.client.json - DEBUG - Hydrating object ['ID']
2022-03-21 03:19:25,653 - py2neo.client.json - DEBUG - Hydrating object 'ID'
2022-03-21 03:19:25,653 - py2neo.client.json - DEBUG - Hydrating object ['EXPERIENCE_TYPE']
2022-03-21 03:19:25,653 - py2neo.client.json - DEBUG - Hydrating object 'EXPERIENCE_TYPE'
2022-03-21 03:19:25,653 - py2neo.client.json - DEBUG - Hydrating object ['experience_type']
2022-03-21 03:19:25,653 - py2neo.client.json - DEBUG - Hydrating object 'experience_type'
2022-03-21 03:19:25,653 - py2neo.client.json - DEBUG - Hydrating object []
2022-03-21 03:19:25,653 - py2neo.client.json - DEBUG - Hydrating object []
2022-03-21 03:19:25,653 - root - INFO - Index ('skill_id',) created on SKILL.
2022-03-21 03:19:25,653 - root - INFO - Index ('conceptUri',) is missing on SKILL. Creating index.
2022-03-21 03:19:25,653 - py2neo.client - DEBUG - Attempting to acquire read-write connection to default database
2022-03-21 03:19:25,653 - py2neo.client - DEBUG - Using connection pool <py2neo.client.ConnectionPool object at 0x000001C7C2CA4C10>
2022-03-21 03:19:25,653 - py2neo.client - DEBUG - Trying to acquire connection from pool <py2neo.client.ConnectionPool object at 0x000001C7C2CA4C10>
2022-03-21 03:19:25,653 - py2neo.client - DEBUG - Connection <py2neo.client.http.HTTP object at 0x000001C7C2D174C0> acquired by thread <_MainThread(MainThread, started 25476)>
2022-03-21 03:19:25,653 - py2neo.client.http - DEBUG - POST '/db/data/transaction' None None
2022-03-21 03:19:25,657 - urllib3.connectionpool - DEBUG - http://localhost:7474 "POST /db/data/transaction HTTP/1.1" 201 147
2022-03-21 03:19:25,657 - py2neo.client - DEBUG - Releasing connection <py2neo.client.http.HTTP object at 0x000001C7C2D174C0> from thread <_MainThread(MainThread, started 25476)>
2022-03-21 03:19:25,657 - py2neo.client - DEBUG - Attempting to acquire read-write connection to default database
2022-03-21 03:19:25,657 - py2neo.client - DEBUG - Using connection pool <py2neo.client.ConnectionPool object at 0x000001C7C2CA4C10>
2022-03-21 03:19:25,657 - py2neo.client - DEBUG - Trying to acquire connection from pool <py2neo.client.ConnectionPool object at 0x000001C7C2CA4C10>
2022-03-21 03:19:25,657 - py2neo.client - DEBUG - Connection <py2neo.client.http.HTTP object at 0x000001C7C2D174C0> acquired by thread <_MainThread(MainThread, started 25476)>
2022-03-21 03:19:25,657 - py2neo.client.http - DEBUG - POST '/db/data/transaction/15' 'CREATE INDEX ON :SKILL(conceptUri)' {}
2022-03-21 03:19:25,674 - urllib3.connectionpool - DEBUG - http://localhost:7474 "POST /db/data/transaction/15 HTTP/1.1" 200 866
2022-03-21 03:19:25,674 - py2neo.client - DEBUG - Releasing connection <py2neo.client.http.HTTP object at 0x000001C7C2D174C0> from thread <_MainThread(MainThread, started 25476)>
2022-03-21 03:19:25,674 - py2neo.client - DEBUG - Attempting to acquire read-write connection to default database
2022-03-21 03:19:25,674 - py2neo.client - DEBUG - Using connection pool <py2neo.client.ConnectionPool object at 0x000001C7C2CA4C10>
2022-03-21 03:19:25,674 - py2neo.client - DEBUG - Trying to acquire connection from pool <py2neo.client.ConnectionPool object at 0x000001C7C2CA4C10>
2022-03-21 03:19:25,674 - py2neo.client - DEBUG - Connection <py2neo.client.http.HTTP object at 0x000001C7C2D174C0> acquired by thread <_MainThread(MainThread, started 25476)>
2022-03-21 03:19:25,674 - py2neo.client - DEBUG - Releasing connection <py2neo.client.http.HTTP object at 0x000001C7C2D174C0> from thread <_MainThread(MainThread, started 25476)>
2022-03-21 03:19:25,674 - py2neo.client - DEBUG - Attempting to acquire read-write connection to default database
2022-03-21 03:19:25,674 - py2neo.client - DEBUG - Using connection pool <py2neo.client.ConnectionPool object at 0x000001C7C2CA4C10>
2022-03-21 03:19:25,674 - py2neo.client - DEBUG - Trying to acquire connection from pool <py2neo.client.ConnectionPool object at 0x000001C7C2CA4C10>
2022-03-21 03:19:25,674 - py2neo.client - DEBUG - Connection <py2neo.client.http.HTTP object at 0x000001C7C2D174C0> acquired by thread <_MainThread(MainThread, started 25476)>
2022-03-21 03:19:25,674 - py2neo.client.http - DEBUG - POST '/db/data/transaction/15/commit' None None
2022-03-21 03:19:25,753 - urllib3.connectionpool - DEBUG - http://localhost:7474 "POST /db/data/transaction/15/commit HTTP/1.1" 200 89
2022-03-21 03:19:25,753 - py2neo.client - DEBUG - Releasing connection <py2neo.client.http.HTTP object at 0x000001C7C2D174C0> from thread <_MainThread(MainThread, started 25476)>
2022-03-21 03:19:25,753 - py2neo.client - DEBUG - Attempting to acquire read-write connection to default database
2022-03-21 03:19:25,753 - py2neo.client - DEBUG - Using connection pool <py2neo.client.ConnectionPool object at 0x000001C7C2CA4C10>
2022-03-21 03:19:25,753 - py2neo.client - DEBUG - Trying to acquire connection from pool <py2neo.client.ConnectionPool object at 0x000001C7C2CA4C10>
2022-03-21 03:19:25,753 - py2neo.client - DEBUG - Connection <py2neo.client.http.HTTP object at 0x000001C7C2D174C0> acquired by thread <_MainThread(MainThread, started 25476)>
2022-03-21 03:19:25,753 - py2neo.client.http - DEBUG - POST '/db/data/transaction/commit' 'CALL db.indexes' {}
2022-03-21 03:19:25,823 - urllib3.connectionpool - DEBUG - http://localhost:7474 "POST /db/data/transaction/commit HTTP/1.1" 200 1462
2022-03-21 03:19:25,823 - py2neo.client - DEBUG - Releasing connection <py2neo.client.http.HTTP object at 0x000001C7C2D174C0> from thread <_MainThread(MainThread, started 25476)>
2022-03-21 03:19:25,823 - py2neo.client - DEBUG - Attempting to acquire read-write connection to default database
2022-03-21 03:19:25,823 - py2neo.client - DEBUG - Using connection pool <py2neo.client.ConnectionPool object at 0x000001C7C2CA4C10>
2022-03-21 03:19:25,823 - py2neo.client - DEBUG - Trying to acquire connection from pool <py2neo.client.ConnectionPool object at 0x000001C7C2CA4C10>
2022-03-21 03:19:25,823 - py2neo.client - DEBUG - Connection <py2neo.client.http.HTTP object at 0x000001C7C2D174C0> acquired by thread <_MainThread(MainThread, started 25476)>
2022-03-21 03:19:25,823 - py2neo.client - DEBUG - Releasing connection <py2neo.client.http.HTTP object at 0x000001C7C2D174C0> from thread <_MainThread(MainThread, started 25476)>
2022-03-21 03:19:25,823 - py2neo.client.json - DEBUG - Hydrating object ['SKILL']
2022-03-21 03:19:25,823 - py2neo.client.json - DEBUG - Hydrating object 'SKILL'
2022-03-21 03:19:25,823 - py2neo.client.json - DEBUG - Hydrating object ['skill_id', 'conceptUri', 'reuseLevel', 'skillType', 'preferred_label', 'description']
2022-03-21 03:19:25,823 - py2neo.client.json - DEBUG - Hydrating object 'skill_id'
2022-03-21 03:19:25,823 - py2neo.client.json - DEBUG - Hydrating object 'conceptUri'
2022-03-21 03:19:25,823 - py2neo.client.json - DEBUG - Hydrating object 'reuseLevel'
2022-03-21 03:19:25,823 - py2neo.client.json - DEBUG - Hydrating object 'skillType'
2022-03-21 03:19:25,823 - py2neo.client.json - DEBUG - Hydrating object 'preferred_label'
2022-03-21 03:19:25,823 - py2neo.client.json - DEBUG - Hydrating object 'description'
2022-03-21 03:19:25,823 - py2neo.client.json - DEBUG - Hydrating object ['EXPERIENCE']
2022-03-21 03:19:25,823 - py2neo.client.json - DEBUG - Hydrating object 'EXPERIENCE'
2022-03-21 03:19:25,823 - py2neo.client.json - DEBUG - Hydrating object ['ID', 'experience_type']
2022-03-21 03:19:25,823 - py2neo.client.json - DEBUG - Hydrating object 'ID'
2022-03-21 03:19:25,823 - py2neo.client.json - DEBUG - Hydrating object 'experience_type'
2022-03-21 03:19:25,823 - py2neo.client.json - DEBUG - Hydrating object []
2022-03-21 03:19:25,823 - py2neo.client.json - DEBUG - Hydrating object []
2022-03-21 03:19:25,823 - py2neo.client.json - DEBUG - Hydrating object ['SKILL']
2022-03-21 03:19:25,823 - py2neo.client.json - DEBUG - Hydrating object 'SKILL'
2022-03-21 03:19:25,823 - py2neo.client.json - DEBUG - Hydrating object ['skill_id']
2022-03-21 03:19:25,823 - py2neo.client.json - DEBUG - Hydrating object 'skill_id'
2022-03-21 03:19:25,823 - py2neo.client.json - DEBUG - Hydrating object ['PROFILE']
2022-03-21 03:19:25,823 - py2neo.client.json - DEBUG - Hydrating object 'PROFILE'
2022-03-21 03:19:25,823 - py2neo.client.json - DEBUG - Hydrating object ['ID']
2022-03-21 03:19:25,823 - py2neo.client.json - DEBUG - Hydrating object 'ID'
2022-03-21 03:19:25,823 - py2neo.client.json - DEBUG - Hydrating object ['EXPERIENCE_TYPE']
2022-03-21 03:19:25,823 - py2neo.client.json - DEBUG - Hydrating object 'EXPERIENCE_TYPE'
2022-03-21 03:19:25,823 - py2neo.client.json - DEBUG - Hydrating object ['experience_type']
2022-03-21 03:19:25,823 - py2neo.client.json - DEBUG - Hydrating object 'experience_type'
2022-03-21 03:19:25,823 - py2neo.client.json - DEBUG - Hydrating object ['SKILL']
2022-03-21 03:19:25,823 - py2neo.client.json - DEBUG - Hydrating object 'SKILL'
2022-03-21 03:19:25,823 - py2neo.client.json - DEBUG - Hydrating object ['conceptUri']
2022-03-21 03:19:25,823 - py2neo.client.json - DEBUG - Hydrating object 'conceptUri'
2022-03-21 03:19:25,823 - py2neo.client.json - DEBUG - Hydrating object []
2022-03-21 03:19:25,823 - py2neo.client.json - DEBUG - Hydrating object []
2022-03-21 03:19:25,823 - root - INFO - Index ('conceptUri',) created on SKILL.
2022-03-21 03:19:25,823 - py2neo.client - DEBUG - Attempting to acquire read-write connection to default database
2022-03-21 03:19:25,823 - py2neo.client - DEBUG - Using connection pool <py2neo.client.ConnectionPool object at 0x000001C7C2CA4C10>
2022-03-21 03:19:25,823 - py2neo.client - DEBUG - Trying to acquire connection from pool <py2neo.client.ConnectionPool object at 0x000001C7C2CA4C10>
2022-03-21 03:19:25,823 - py2neo.client - DEBUG - Connection <py2neo.client.http.HTTP object at 0x000001C7C2D174C0> acquired by thread <_MainThread(MainThread, started 25476)>
2022-03-21 03:19:25,823 - py2neo.client.http - DEBUG - POST '/db/data/transaction/commit' 'CALL db.indexes' {}
2022-03-21 03:19:25,840 - urllib3.connectionpool - DEBUG - http://localhost:7474 "POST /db/data/transaction/commit HTTP/1.1" 200 1462
2022-03-21 03:19:25,840 - py2neo.client - DEBUG - Releasing connection <py2neo.client.http.HTTP object at 0x000001C7C2D174C0> from thread <_MainThread(MainThread, started 25476)>
2022-03-21 03:19:25,840 - py2neo.client - DEBUG - Attempting to acquire read-write connection to default database
2022-03-21 03:19:25,840 - py2neo.client - DEBUG - Using connection pool <py2neo.client.ConnectionPool object at 0x000001C7C2CA4C10>
2022-03-21 03:19:25,840 - py2neo.client - DEBUG - Trying to acquire connection from pool <py2neo.client.ConnectionPool object at 0x000001C7C2CA4C10>
2022-03-21 03:19:25,840 - py2neo.client - DEBUG - Connection <py2neo.client.http.HTTP object at 0x000001C7C2D174C0> acquired by thread <_MainThread(MainThread, started 25476)>
2022-03-21 03:19:25,840 - py2neo.client - DEBUG - Releasing connection <py2neo.client.http.HTTP object at 0x000001C7C2D174C0> from thread <_MainThread(MainThread, started 25476)>
2022-03-21 03:19:25,840 - py2neo.client.json - DEBUG - Hydrating object ['SKILL']
2022-03-21 03:19:25,840 - py2neo.client.json - DEBUG - Hydrating object 'SKILL'
2022-03-21 03:19:25,840 - py2neo.client.json - DEBUG - Hydrating object ['skill_id', 'conceptUri', 'reuseLevel', 'skillType', 'preferred_label', 'description']
2022-03-21 03:19:25,840 - py2neo.client.json - DEBUG - Hydrating object 'skill_id'
2022-03-21 03:19:25,840 - py2neo.client.json - DEBUG - Hydrating object 'conceptUri'
2022-03-21 03:19:25,840 - py2neo.client.json - DEBUG - Hydrating object 'reuseLevel'
2022-03-21 03:19:25,840 - py2neo.client.json - DEBUG - Hydrating object 'skillType'
2022-03-21 03:19:25,840 - py2neo.client.json - DEBUG - Hydrating object 'preferred_label'
2022-03-21 03:19:25,840 - py2neo.client.json - DEBUG - Hydrating object 'description'
2022-03-21 03:19:25,840 - py2neo.client.json - DEBUG - Hydrating object ['EXPERIENCE']
2022-03-21 03:19:25,840 - py2neo.client.json - DEBUG - Hydrating object 'EXPERIENCE'
2022-03-21 03:19:25,840 - py2neo.client.json - DEBUG - Hydrating object ['ID', 'experience_type']
2022-03-21 03:19:25,840 - py2neo.client.json - DEBUG - Hydrating object 'ID'
2022-03-21 03:19:25,840 - py2neo.client.json - DEBUG - Hydrating object 'experience_type'
2022-03-21 03:19:25,840 - py2neo.client.json - DEBUG - Hydrating object []
2022-03-21 03:19:25,840 - py2neo.client.json - DEBUG - Hydrating object []
2022-03-21 03:19:25,840 - py2neo.client.json - DEBUG - Hydrating object ['SKILL']
2022-03-21 03:19:25,840 - py2neo.client.json - DEBUG - Hydrating object 'SKILL'
2022-03-21 03:19:25,840 - py2neo.client.json - DEBUG - Hydrating object ['skill_id']
2022-03-21 03:19:25,840 - py2neo.client.json - DEBUG - Hydrating object 'skill_id'
2022-03-21 03:19:25,840 - py2neo.client.json - DEBUG - Hydrating object ['PROFILE']
2022-03-21 03:19:25,840 - py2neo.client.json - DEBUG - Hydrating object 'PROFILE'
2022-03-21 03:19:25,840 - py2neo.client.json - DEBUG - Hydrating object ['ID']
2022-03-21 03:19:25,840 - py2neo.client.json - DEBUG - Hydrating object 'ID'
2022-03-21 03:19:25,840 - py2neo.client.json - DEBUG - Hydrating object ['EXPERIENCE_TYPE']
2022-03-21 03:19:25,840 - py2neo.client.json - DEBUG - Hydrating object 'EXPERIENCE_TYPE'
2022-03-21 03:19:25,840 - py2neo.client.json - DEBUG - Hydrating object ['experience_type']
2022-03-21 03:19:25,840 - py2neo.client.json - DEBUG - Hydrating object 'experience_type'
2022-03-21 03:19:25,840 - py2neo.client.json - DEBUG - Hydrating object ['SKILL']
2022-03-21 03:19:25,840 - py2neo.client.json - DEBUG - Hydrating object 'SKILL'
2022-03-21 03:19:25,840 - py2neo.client.json - DEBUG - Hydrating object ['conceptUri']
2022-03-21 03:19:25,840 - py2neo.client.json - DEBUG - Hydrating object 'conceptUri'
2022-03-21 03:19:25,840 - py2neo.client.json - DEBUG - Hydrating object []
2022-03-21 03:19:25,840 - py2neo.client.json - DEBUG - Hydrating object []
2022-03-21 03:19:25,840 - root - INFO - Index ('occupation_id', 'conceptUri', 'iscoGroup', 'preferredLabel', 'description') is missing on OCCUPATION. Creating index.
2022-03-21 03:19:25,840 - py2neo.client - DEBUG - Attempting to acquire read-write connection to default database
2022-03-21 03:19:25,840 - py2neo.client - DEBUG - Using connection pool <py2neo.client.ConnectionPool object at 0x000001C7C2CA4C10>
2022-03-21 03:19:25,840 - py2neo.client - DEBUG - Trying to acquire connection from pool <py2neo.client.ConnectionPool object at 0x000001C7C2CA4C10>
2022-03-21 03:19:25,840 - py2neo.client - DEBUG - Connection <py2neo.client.http.HTTP object at 0x000001C7C2D174C0> acquired by thread <_MainThread(MainThread, started 25476)>
2022-03-21 03:19:25,840 - py2neo.client.http - DEBUG - POST '/db/data/transaction' None None
2022-03-21 03:19:25,840 - urllib3.connectionpool - DEBUG - http://localhost:7474 "POST /db/data/transaction HTTP/1.1" 201 147
2022-03-21 03:19:25,853 - py2neo.client - DEBUG - Releasing connection <py2neo.client.http.HTTP object at 0x000001C7C2D174C0> from thread <_MainThread(MainThread, started 25476)>
2022-03-21 03:19:25,853 - py2neo.client - DEBUG - Attempting to acquire read-write connection to default database
2022-03-21 03:19:25,853 - py2neo.client - DEBUG - Using connection pool <py2neo.client.ConnectionPool object at 0x000001C7C2CA4C10>
2022-03-21 03:19:25,853 - py2neo.client - DEBUG - Trying to acquire connection from pool <py2neo.client.ConnectionPool object at 0x000001C7C2CA4C10>
2022-03-21 03:19:25,853 - py2neo.client - DEBUG - Connection <py2neo.client.http.HTTP object at 0x000001C7C2D174C0> acquired by thread <_MainThread(MainThread, started 25476)>
2022-03-21 03:19:25,853 - py2neo.client.http - DEBUG - POST '/db/data/transaction/18' 'CREATE INDEX ON :OCCUPATION(occupation_id, conceptUri, iscoGroup, preferredLabel, description)' {}
2022-03-21 03:19:25,873 - urllib3.connectionpool - DEBUG - http://localhost:7474 "POST /db/data/transaction/18 HTTP/1.1" 200 866
2022-03-21 03:19:25,873 - py2neo.client - DEBUG - Releasing connection <py2neo.client.http.HTTP object at 0x000001C7C2D174C0> from thread <_MainThread(MainThread, started 25476)>
2022-03-21 03:19:25,873 - py2neo.client - DEBUG - Attempting to acquire read-write connection to default database
2022-03-21 03:19:25,873 - py2neo.client - DEBUG - Using connection pool <py2neo.client.ConnectionPool object at 0x000001C7C2CA4C10>
2022-03-21 03:19:25,873 - py2neo.client - DEBUG - Trying to acquire connection from pool <py2neo.client.ConnectionPool object at 0x000001C7C2CA4C10>
2022-03-21 03:19:25,873 - py2neo.client - DEBUG - Connection <py2neo.client.http.HTTP object at 0x000001C7C2D174C0> acquired by thread <_MainThread(MainThread, started 25476)>
2022-03-21 03:19:25,873 - py2neo.client - DEBUG - Releasing connection <py2neo.client.http.HTTP object at 0x000001C7C2D174C0> from thread <_MainThread(MainThread, started 25476)>
2022-03-21 03:19:25,873 - py2neo.client - DEBUG - Attempting to acquire read-write connection to default database
2022-03-21 03:19:25,873 - py2neo.client - DEBUG - Using connection pool <py2neo.client.ConnectionPool object at 0x000001C7C2CA4C10>
2022-03-21 03:19:25,873 - py2neo.client - DEBUG - Trying to acquire connection from pool <py2neo.client.ConnectionPool object at 0x000001C7C2CA4C10>
2022-03-21 03:19:25,873 - py2neo.client - DEBUG - Connection <py2neo.client.http.HTTP object at 0x000001C7C2D174C0> acquired by thread <_MainThread(MainThread, started 25476)>
2022-03-21 03:19:25,873 - py2neo.client.http - DEBUG - POST '/db/data/transaction/18/commit' None None
2022-03-21 03:19:25,963 - urllib3.connectionpool - DEBUG - http://localhost:7474 "POST /db/data/transaction/18/commit HTTP/1.1" 200 89
2022-03-21 03:19:25,963 - py2neo.client - DEBUG - Releasing connection <py2neo.client.http.HTTP object at 0x000001C7C2D174C0> from thread <_MainThread(MainThread, started 25476)>
2022-03-21 03:19:25,963 - py2neo.client - DEBUG - Attempting to acquire read-write connection to default database
2022-03-21 03:19:25,963 - py2neo.client - DEBUG - Using connection pool <py2neo.client.ConnectionPool object at 0x000001C7C2CA4C10>
2022-03-21 03:19:25,963 - py2neo.client - DEBUG - Trying to acquire connection from pool <py2neo.client.ConnectionPool object at 0x000001C7C2CA4C10>
2022-03-21 03:19:25,963 - py2neo.client - DEBUG - Connection <py2neo.client.http.HTTP object at 0x000001C7C2D174C0> acquired by thread <_MainThread(MainThread, started 25476)>
2022-03-21 03:19:25,963 - py2neo.client.http - DEBUG - POST '/db/data/transaction/commit' 'CALL db.indexes' {}
2022-03-21 03:19:25,990 - urllib3.connectionpool - DEBUG - http://localhost:7474 "POST /db/data/transaction/commit HTTP/1.1" 200 1641
2022-03-21 03:19:25,990 - py2neo.client - DEBUG - Releasing connection <py2neo.client.http.HTTP object at 0x000001C7C2D174C0> from thread <_MainThread(MainThread, started 25476)>
2022-03-21 03:19:25,990 - py2neo.client - DEBUG - Attempting to acquire read-write connection to default database
2022-03-21 03:19:25,990 - py2neo.client - DEBUG - Using connection pool <py2neo.client.ConnectionPool object at 0x000001C7C2CA4C10>
2022-03-21 03:19:25,990 - py2neo.client - DEBUG - Trying to acquire connection from pool <py2neo.client.ConnectionPool object at 0x000001C7C2CA4C10>
2022-03-21 03:19:25,990 - py2neo.client - DEBUG - Connection <py2neo.client.http.HTTP object at 0x000001C7C2D174C0> acquired by thread <_MainThread(MainThread, started 25476)>
2022-03-21 03:19:25,990 - py2neo.client - DEBUG - Releasing connection <py2neo.client.http.HTTP object at 0x000001C7C2D174C0> from thread <_MainThread(MainThread, started 25476)>
2022-03-21 03:19:25,990 - py2neo.client.json - DEBUG - Hydrating object ['SKILL']
2022-03-21 03:19:25,990 - py2neo.client.json - DEBUG - Hydrating object 'SKILL'
2022-03-21 03:19:25,990 - py2neo.client.json - DEBUG - Hydrating object ['skill_id', 'conceptUri', 'reuseLevel', 'skillType', 'preferred_label', 'description']
2022-03-21 03:19:25,990 - py2neo.client.json - DEBUG - Hydrating object 'skill_id'
2022-03-21 03:19:25,990 - py2neo.client.json - DEBUG - Hydrating object 'conceptUri'
2022-03-21 03:19:25,990 - py2neo.client.json - DEBUG - Hydrating object 'reuseLevel'
2022-03-21 03:19:25,990 - py2neo.client.json - DEBUG - Hydrating object 'skillType'
2022-03-21 03:19:25,990 - py2neo.client.json - DEBUG - Hydrating object 'preferred_label'
2022-03-21 03:19:25,990 - py2neo.client.json - DEBUG - Hydrating object 'description'
2022-03-21 03:19:25,990 - py2neo.client.json - DEBUG - Hydrating object ['OCCUPATION']
2022-03-21 03:19:25,990 - py2neo.client.json - DEBUG - Hydrating object 'OCCUPATION'
2022-03-21 03:19:25,990 - py2neo.client.json - DEBUG - Hydrating object ['occupation_id', 'conceptUri', 'iscoGroup', 'preferredLabel', 'description']
2022-03-21 03:19:25,990 - py2neo.client.json - DEBUG - Hydrating object 'occupation_id'
2022-03-21 03:19:25,990 - py2neo.client.json - DEBUG - Hydrating object 'conceptUri'
2022-03-21 03:19:25,990 - py2neo.client.json - DEBUG - Hydrating object 'iscoGroup'
2022-03-21 03:19:26,006 - py2neo.client.json - DEBUG - Hydrating object 'preferredLabel'
2022-03-21 03:19:26,006 - py2neo.client.json - DEBUG - Hydrating object 'description'
2022-03-21 03:19:26,006 - py2neo.client.json - DEBUG - Hydrating object ['EXPERIENCE']
2022-03-21 03:19:26,006 - py2neo.client.json - DEBUG - Hydrating object 'EXPERIENCE'
2022-03-21 03:19:26,006 - py2neo.client.json - DEBUG - Hydrating object ['ID', 'experience_type']
2022-03-21 03:19:26,006 - py2neo.client.json - DEBUG - Hydrating object 'ID'
2022-03-21 03:19:26,006 - py2neo.client.json - DEBUG - Hydrating object 'experience_type'
2022-03-21 03:19:26,006 - py2neo.client.json - DEBUG - Hydrating object []
2022-03-21 03:19:26,006 - py2neo.client.json - DEBUG - Hydrating object []
2022-03-21 03:19:26,006 - py2neo.client.json - DEBUG - Hydrating object ['SKILL']
2022-03-21 03:19:26,007 - py2neo.client.json - DEBUG - Hydrating object 'SKILL'
2022-03-21 03:19:26,007 - py2neo.client.json - DEBUG - Hydrating object ['skill_id']
2022-03-21 03:19:26,007 - py2neo.client.json - DEBUG - Hydrating object 'skill_id'
2022-03-21 03:19:26,007 - py2neo.client.json - DEBUG - Hydrating object ['PROFILE']
2022-03-21 03:19:26,007 - py2neo.client.json - DEBUG - Hydrating object 'PROFILE'
2022-03-21 03:19:26,007 - py2neo.client.json - DEBUG - Hydrating object ['ID']
2022-03-21 03:19:26,007 - py2neo.client.json - DEBUG - Hydrating object 'ID'
2022-03-21 03:19:26,007 - py2neo.client.json - DEBUG - Hydrating object ['EXPERIENCE_TYPE']
2022-03-21 03:19:26,007 - py2neo.client.json - DEBUG - Hydrating object 'EXPERIENCE_TYPE'
2022-03-21 03:19:26,007 - py2neo.client.json - DEBUG - Hydrating object ['experience_type']
2022-03-21 03:19:26,007 - py2neo.client.json - DEBUG - Hydrating object 'experience_type'
2022-03-21 03:19:26,007 - py2neo.client.json - DEBUG - Hydrating object ['SKILL']
2022-03-21 03:19:26,007 - py2neo.client.json - DEBUG - Hydrating object 'SKILL'
2022-03-21 03:19:26,007 - py2neo.client.json - DEBUG - Hydrating object ['conceptUri']
2022-03-21 03:19:26,007 - py2neo.client.json - DEBUG - Hydrating object 'conceptUri'
2022-03-21 03:19:26,007 - py2neo.client.json - DEBUG - Hydrating object []
2022-03-21 03:19:26,007 - py2neo.client.json - DEBUG - Hydrating object []
2022-03-21 03:19:26,007 - root - INFO - Index ('occupation_id', 'conceptUri', 'iscoGroup', 'preferredLabel', 'description') created on OCCUPATION.
2022-03-21 03:19:26,007 - root - INFO - Index ('occupation_id',) is missing on OCCUPATION. Creating index.
2022-03-21 03:19:26,007 - py2neo.client - DEBUG - Attempting to acquire read-write connection to default database
2022-03-21 03:19:26,007 - py2neo.client - DEBUG - Using connection pool <py2neo.client.ConnectionPool object at 0x000001C7C2CA4C10>
2022-03-21 03:19:26,007 - py2neo.client - DEBUG - Trying to acquire connection from pool <py2neo.client.ConnectionPool object at 0x000001C7C2CA4C10>
2022-03-21 03:19:26,007 - py2neo.client - DEBUG - Connection <py2neo.client.http.HTTP object at 0x000001C7C2D174C0> acquired by thread <_MainThread(MainThread, started 25476)>
2022-03-21 03:19:26,007 - py2neo.client.http - DEBUG - POST '/db/data/transaction' None None
2022-03-21 03:19:26,007 - urllib3.connectionpool - DEBUG - http://localhost:7474 "POST /db/data/transaction HTTP/1.1" 201 147
2022-03-21 03:19:26,007 - py2neo.client - DEBUG - Releasing connection <py2neo.client.http.HTTP object at 0x000001C7C2D174C0> from thread <_MainThread(MainThread, started 25476)>
2022-03-21 03:19:26,007 - py2neo.client - DEBUG - Attempting to acquire read-write connection to default database
2022-03-21 03:19:26,007 - py2neo.client - DEBUG - Using connection pool <py2neo.client.ConnectionPool object at 0x000001C7C2CA4C10>
2022-03-21 03:19:26,007 - py2neo.client - DEBUG - Trying to acquire connection from pool <py2neo.client.ConnectionPool object at 0x000001C7C2CA4C10>
2022-03-21 03:19:26,007 - py2neo.client - DEBUG - Connection <py2neo.client.http.HTTP object at 0x000001C7C2D174C0> acquired by thread <_MainThread(MainThread, started 25476)>
2022-03-21 03:19:26,007 - py2neo.client.http - DEBUG - POST '/db/data/transaction/20' 'CREATE INDEX ON :OCCUPATION(occupation_id)' {}
2022-03-21 03:19:26,023 - urllib3.connectionpool - DEBUG - http://localhost:7474 "POST /db/data/transaction/20 HTTP/1.1" 200 866
2022-03-21 03:19:26,023 - py2neo.client - DEBUG - Releasing connection <py2neo.client.http.HTTP object at 0x000001C7C2D174C0> from thread <_MainThread(MainThread, started 25476)>
2022-03-21 03:19:26,023 - py2neo.client - DEBUG - Attempting to acquire read-write connection to default database
2022-03-21 03:19:26,023 - py2neo.client - DEBUG - Using connection pool <py2neo.client.ConnectionPool object at 0x000001C7C2CA4C10>
2022-03-21 03:19:26,023 - py2neo.client - DEBUG - Trying to acquire connection from pool <py2neo.client.ConnectionPool object at 0x000001C7C2CA4C10>
2022-03-21 03:19:26,023 - py2neo.client - DEBUG - Connection <py2neo.client.http.HTTP object at 0x000001C7C2D174C0> acquired by thread <_MainThread(MainThread, started 25476)>
2022-03-21 03:19:26,023 - py2neo.client - DEBUG - Releasing connection <py2neo.client.http.HTTP object at 0x000001C7C2D174C0> from thread <_MainThread(MainThread, started 25476)>
2022-03-21 03:19:26,023 - py2neo.client - DEBUG - Attempting to acquire read-write connection to default database
2022-03-21 03:19:26,023 - py2neo.client - DEBUG - Using connection pool <py2neo.client.ConnectionPool object at 0x000001C7C2CA4C10>
2022-03-21 03:19:26,023 - py2neo.client - DEBUG - Trying to acquire connection from pool <py2neo.client.ConnectionPool object at 0x000001C7C2CA4C10>
2022-03-21 03:19:26,023 - py2neo.client - DEBUG - Connection <py2neo.client.http.HTTP object at 0x000001C7C2D174C0> acquired by thread <_MainThread(MainThread, started 25476)>
2022-03-21 03:19:26,023 - py2neo.client.http - DEBUG - POST '/db/data/transaction/20/commit' None None
2022-03-21 03:19:26,131 - urllib3.connectionpool - DEBUG - http://localhost:7474 "POST /db/data/transaction/20/commit HTTP/1.1" 200 89
2022-03-21 03:19:26,131 - py2neo.client - DEBUG - Releasing connection <py2neo.client.http.HTTP object at 0x000001C7C2D174C0> from thread <_MainThread(MainThread, started 25476)>
2022-03-21 03:19:26,131 - py2neo.client - DEBUG - Attempting to acquire read-write connection to default database
2022-03-21 03:19:26,131 - py2neo.client - DEBUG - Using connection pool <py2neo.client.ConnectionPool object at 0x000001C7C2CA4C10>
2022-03-21 03:19:26,131 - py2neo.client - DEBUG - Trying to acquire connection from pool <py2neo.client.ConnectionPool object at 0x000001C7C2CA4C10>
2022-03-21 03:19:26,131 - py2neo.client - DEBUG - Connection <py2neo.client.http.HTTP object at 0x000001C7C2D174C0> acquired by thread <_MainThread(MainThread, started 25476)>
2022-03-21 03:19:26,131 - py2neo.client.http - DEBUG - POST '/db/data/transaction/commit' 'CALL db.indexes' {}
2022-03-21 03:19:26,190 - urllib3.connectionpool - DEBUG - http://localhost:7474 "POST /db/data/transaction/commit HTTP/1.1" 200 1766
2022-03-21 03:19:26,190 - py2neo.client - DEBUG - Releasing connection <py2neo.client.http.HTTP object at 0x000001C7C2D174C0> from thread <_MainThread(MainThread, started 25476)>
2022-03-21 03:19:26,190 - py2neo.client - DEBUG - Attempting to acquire read-write connection to default database
2022-03-21 03:19:26,190 - py2neo.client - DEBUG - Using connection pool <py2neo.client.ConnectionPool object at 0x000001C7C2CA4C10>
2022-03-21 03:19:26,190 - py2neo.client - DEBUG - Trying to acquire connection from pool <py2neo.client.ConnectionPool object at 0x000001C7C2CA4C10>
2022-03-21 03:19:26,190 - py2neo.client - DEBUG - Connection <py2neo.client.http.HTTP object at 0x000001C7C2D174C0> acquired by thread <_MainThread(MainThread, started 25476)>
2022-03-21 03:19:26,190 - py2neo.client - DEBUG - Releasing connection <py2neo.client.http.HTTP object at 0x000001C7C2D174C0> from thread <_MainThread(MainThread, started 25476)>
2022-03-21 03:19:26,190 - py2neo.client.json - DEBUG - Hydrating object ['SKILL']
2022-03-21 03:19:26,190 - py2neo.client.json - DEBUG - Hydrating object 'SKILL'
2022-03-21 03:19:26,190 - py2neo.client.json - DEBUG - Hydrating object ['skill_id', 'conceptUri', 'reuseLevel', 'skillType', 'preferred_label', 'description']
2022-03-21 03:19:26,190 - py2neo.client.json - DEBUG - Hydrating object 'skill_id'
2022-03-21 03:19:26,190 - py2neo.client.json - DEBUG - Hydrating object 'conceptUri'
2022-03-21 03:19:26,190 - py2neo.client.json - DEBUG - Hydrating object 'reuseLevel'
2022-03-21 03:19:26,190 - py2neo.client.json - DEBUG - Hydrating object 'skillType'
2022-03-21 03:19:26,190 - py2neo.client.json - DEBUG - Hydrating object 'preferred_label'
2022-03-21 03:19:26,190 - py2neo.client.json - DEBUG - Hydrating object 'description'
2022-03-21 03:19:26,190 - py2neo.client.json - DEBUG - Hydrating object ['OCCUPATION']
2022-03-21 03:19:26,190 - py2neo.client.json - DEBUG - Hydrating object 'OCCUPATION'
2022-03-21 03:19:26,190 - py2neo.client.json - DEBUG - Hydrating object ['occupation_id', 'conceptUri', 'iscoGroup', 'preferredLabel', 'description']
2022-03-21 03:19:26,190 - py2neo.client.json - DEBUG - Hydrating object 'occupation_id'
2022-03-21 03:19:26,190 - py2neo.client.json - DEBUG - Hydrating object 'conceptUri'
2022-03-21 03:19:26,190 - py2neo.client.json - DEBUG - Hydrating object 'iscoGroup'
2022-03-21 03:19:26,190 - py2neo.client.json - DEBUG - Hydrating object 'preferredLabel'
2022-03-21 03:19:26,190 - py2neo.client.json - DEBUG - Hydrating object 'description'
2022-03-21 03:19:26,190 - py2neo.client.json - DEBUG - Hydrating object ['EXPERIENCE']
2022-03-21 03:19:26,190 - py2neo.client.json - DEBUG - Hydrating object 'EXPERIENCE'
2022-03-21 03:19:26,190 - py2neo.client.json - DEBUG - Hydrating object ['ID', 'experience_type']
2022-03-21 03:19:26,190 - py2neo.client.json - DEBUG - Hydrating object 'ID'
2022-03-21 03:19:26,190 - py2neo.client.json - DEBUG - Hydrating object 'experience_type'
2022-03-21 03:19:26,190 - py2neo.client.json - DEBUG - Hydrating object ['OCCUPATION']
2022-03-21 03:19:26,190 - py2neo.client.json - DEBUG - Hydrating object 'OCCUPATION'
2022-03-21 03:19:26,190 - py2neo.client.json - DEBUG - Hydrating object ['occupation_id']
2022-03-21 03:19:26,190 - py2neo.client.json - DEBUG - Hydrating object 'occupation_id'
2022-03-21 03:19:26,190 - py2neo.client.json - DEBUG - Hydrating object []
2022-03-21 03:19:26,190 - py2neo.client.json - DEBUG - Hydrating object []
2022-03-21 03:19:26,190 - py2neo.client.json - DEBUG - Hydrating object ['SKILL']
2022-03-21 03:19:26,190 - py2neo.client.json - DEBUG - Hydrating object 'SKILL'
2022-03-21 03:19:26,190 - py2neo.client.json - DEBUG - Hydrating object ['skill_id']
2022-03-21 03:19:26,190 - py2neo.client.json - DEBUG - Hydrating object 'skill_id'
2022-03-21 03:19:26,190 - py2neo.client.json - DEBUG - Hydrating object ['PROFILE']
2022-03-21 03:19:26,190 - py2neo.client.json - DEBUG - Hydrating object 'PROFILE'
2022-03-21 03:19:26,190 - py2neo.client.json - DEBUG - Hydrating object ['ID']
2022-03-21 03:19:26,190 - py2neo.client.json - DEBUG - Hydrating object 'ID'
2022-03-21 03:19:26,190 - py2neo.client.json - DEBUG - Hydrating object ['EXPERIENCE_TYPE']
2022-03-21 03:19:26,190 - py2neo.client.json - DEBUG - Hydrating object 'EXPERIENCE_TYPE'
2022-03-21 03:19:26,190 - py2neo.client.json - DEBUG - Hydrating object ['experience_type']
2022-03-21 03:19:26,190 - py2neo.client.json - DEBUG - Hydrating object 'experience_type'
2022-03-21 03:19:26,190 - py2neo.client.json - DEBUG - Hydrating object ['SKILL']
2022-03-21 03:19:26,190 - py2neo.client.json - DEBUG - Hydrating object 'SKILL'
2022-03-21 03:19:26,190 - py2neo.client.json - DEBUG - Hydrating object ['conceptUri']
2022-03-21 03:19:26,190 - py2neo.client.json - DEBUG - Hydrating object 'conceptUri'
2022-03-21 03:19:26,190 - py2neo.client.json - DEBUG - Hydrating object []
2022-03-21 03:19:26,190 - py2neo.client.json - DEBUG - Hydrating object []
2022-03-21 03:19:26,190 - root - INFO - Index ('occupation_id',) created on OCCUPATION.
2022-03-21 03:19:26,190 - root - INFO - Index ('conceptURI',) is missing on OCCUPATION. Creating index.
2022-03-21 03:19:26,190 - py2neo.client - DEBUG - Attempting to acquire read-write connection to default database
2022-03-21 03:19:26,190 - py2neo.client - DEBUG - Using connection pool <py2neo.client.ConnectionPool object at 0x000001C7C2CA4C10>
2022-03-21 03:19:26,190 - py2neo.client - DEBUG - Trying to acquire connection from pool <py2neo.client.ConnectionPool object at 0x000001C7C2CA4C10>
2022-03-21 03:19:26,190 - py2neo.client - DEBUG - Connection <py2neo.client.http.HTTP object at 0x000001C7C2D174C0> acquired by thread <_MainThread(MainThread, started 25476)>
2022-03-21 03:19:26,190 - py2neo.client.http - DEBUG - POST '/db/data/transaction' None None
2022-03-21 03:19:26,208 - urllib3.connectionpool - DEBUG - http://localhost:7474 "POST /db/data/transaction HTTP/1.1" 201 147
2022-03-21 03:19:26,208 - py2neo.client - DEBUG - Releasing connection <py2neo.client.http.HTTP object at 0x000001C7C2D174C0> from thread <_MainThread(MainThread, started 25476)>
2022-03-21 03:19:26,208 - py2neo.client - DEBUG - Attempting to acquire read-write connection to default database
2022-03-21 03:19:26,208 - py2neo.client - DEBUG - Using connection pool <py2neo.client.ConnectionPool object at 0x000001C7C2CA4C10>
2022-03-21 03:19:26,208 - py2neo.client - DEBUG - Trying to acquire connection from pool <py2neo.client.ConnectionPool object at 0x000001C7C2CA4C10>
2022-03-21 03:19:26,208 - py2neo.client - DEBUG - Connection <py2neo.client.http.HTTP object at 0x000001C7C2D174C0> acquired by thread <_MainThread(MainThread, started 25476)>
2022-03-21 03:19:26,208 - py2neo.client.http - DEBUG - POST '/db/data/transaction/22' 'CREATE INDEX ON :OCCUPATION(conceptURI)' {}
2022-03-21 03:19:26,227 - urllib3.connectionpool - DEBUG - http://localhost:7474 "POST /db/data/transaction/22 HTTP/1.1" 200 866
2022-03-21 03:19:26,227 - py2neo.client - DEBUG - Releasing connection <py2neo.client.http.HTTP object at 0x000001C7C2D174C0> from thread <_MainThread(MainThread, started 25476)>
2022-03-21 03:19:26,227 - py2neo.client - DEBUG - Attempting to acquire read-write connection to default database
2022-03-21 03:19:26,227 - py2neo.client - DEBUG - Using connection pool <py2neo.client.ConnectionPool object at 0x000001C7C2CA4C10>
2022-03-21 03:19:26,227 - py2neo.client - DEBUG - Trying to acquire connection from pool <py2neo.client.ConnectionPool object at 0x000001C7C2CA4C10>
2022-03-21 03:19:26,227 - py2neo.client - DEBUG - Connection <py2neo.client.http.HTTP object at 0x000001C7C2D174C0> acquired by thread <_MainThread(MainThread, started 25476)>
2022-03-21 03:19:26,227 - py2neo.client - DEBUG - Releasing connection <py2neo.client.http.HTTP object at 0x000001C7C2D174C0> from thread <_MainThread(MainThread, started 25476)>
2022-03-21 03:19:26,227 - py2neo.client - DEBUG - Attempting to acquire read-write connection to default database
2022-03-21 03:19:26,227 - py2neo.client - DEBUG - Using connection pool <py2neo.client.ConnectionPool object at 0x000001C7C2CA4C10>
2022-03-21 03:19:26,227 - py2neo.client - DEBUG - Trying to acquire connection from pool <py2neo.client.ConnectionPool object at 0x000001C7C2CA4C10>
2022-03-21 03:19:26,227 - py2neo.client - DEBUG - Connection <py2neo.client.http.HTTP object at 0x000001C7C2D174C0> acquired by thread <_MainThread(MainThread, started 25476)>
2022-03-21 03:19:26,227 - py2neo.client.http - DEBUG - POST '/db/data/transaction/22/commit' None None
2022-03-21 03:19:26,318 - urllib3.connectionpool - DEBUG - http://localhost:7474 "POST /db/data/transaction/22/commit HTTP/1.1" 200 89
2022-03-21 03:19:26,318 - py2neo.client - DEBUG - Releasing connection <py2neo.client.http.HTTP object at 0x000001C7C2D174C0> from thread <_MainThread(MainThread, started 25476)>
2022-03-21 03:19:26,318 - py2neo.client - DEBUG - Attempting to acquire read-write connection to default database
2022-03-21 03:19:26,318 - py2neo.client - DEBUG - Using connection pool <py2neo.client.ConnectionPool object at 0x000001C7C2CA4C10>
2022-03-21 03:19:26,318 - py2neo.client - DEBUG - Trying to acquire connection from pool <py2neo.client.ConnectionPool object at 0x000001C7C2CA4C10>
2022-03-21 03:19:26,318 - py2neo.client - DEBUG - Connection <py2neo.client.http.HTTP object at 0x000001C7C2D174C0> acquired by thread <_MainThread(MainThread, started 25476)>
2022-03-21 03:19:26,318 - py2neo.client.http - DEBUG - POST '/db/data/transaction/commit' 'CALL db.indexes' {}
2022-03-21 03:19:26,358 - urllib3.connectionpool - DEBUG - http://localhost:7474 "POST /db/data/transaction/commit HTTP/1.1" 200 1888
2022-03-21 03:19:26,358 - py2neo.client - DEBUG - Releasing connection <py2neo.client.http.HTTP object at 0x000001C7C2D174C0> from thread <_MainThread(MainThread, started 25476)>
2022-03-21 03:19:26,358 - py2neo.client - DEBUG - Attempting to acquire read-write connection to default database
2022-03-21 03:19:26,358 - py2neo.client - DEBUG - Using connection pool <py2neo.client.ConnectionPool object at 0x000001C7C2CA4C10>
2022-03-21 03:19:26,358 - py2neo.client - DEBUG - Trying to acquire connection from pool <py2neo.client.ConnectionPool object at 0x000001C7C2CA4C10>
2022-03-21 03:19:26,358 - py2neo.client - DEBUG - Connection <py2neo.client.http.HTTP object at 0x000001C7C2D174C0> acquired by thread <_MainThread(MainThread, started 25476)>
2022-03-21 03:19:26,358 - py2neo.client - DEBUG - Releasing connection <py2neo.client.http.HTTP object at 0x000001C7C2D174C0> from thread <_MainThread(MainThread, started 25476)>
2022-03-21 03:19:26,358 - py2neo.client.json - DEBUG - Hydrating object ['SKILL']
2022-03-21 03:19:26,358 - py2neo.client.json - DEBUG - Hydrating object 'SKILL'
2022-03-21 03:19:26,358 - py2neo.client.json - DEBUG - Hydrating object ['skill_id', 'conceptUri', 'reuseLevel', 'skillType', 'preferred_label', 'description']
2022-03-21 03:19:26,358 - py2neo.client.json - DEBUG - Hydrating object 'skill_id'
2022-03-21 03:19:26,358 - py2neo.client.json - DEBUG - Hydrating object 'conceptUri'
2022-03-21 03:19:26,358 - py2neo.client.json - DEBUG - Hydrating object 'reuseLevel'
2022-03-21 03:19:26,358 - py2neo.client.json - DEBUG - Hydrating object 'skillType'
2022-03-21 03:19:26,358 - py2neo.client.json - DEBUG - Hydrating object 'preferred_label'
2022-03-21 03:19:26,358 - py2neo.client.json - DEBUG - Hydrating object 'description'
2022-03-21 03:19:26,358 - py2neo.client.json - DEBUG - Hydrating object ['OCCUPATION']
2022-03-21 03:19:26,358 - py2neo.client.json - DEBUG - Hydrating object 'OCCUPATION'
2022-03-21 03:19:26,358 - py2neo.client.json - DEBUG - Hydrating object ['occupation_id', 'conceptUri', 'iscoGroup', 'preferredLabel', 'description']
2022-03-21 03:19:26,358 - py2neo.client.json - DEBUG - Hydrating object 'occupation_id'
2022-03-21 03:19:26,358 - py2neo.client.json - DEBUG - Hydrating object 'conceptUri'
2022-03-21 03:19:26,358 - py2neo.client.json - DEBUG - Hydrating object 'iscoGroup'
2022-03-21 03:19:26,358 - py2neo.client.json - DEBUG - Hydrating object 'preferredLabel'
2022-03-21 03:19:26,358 - py2neo.client.json - DEBUG - Hydrating object 'description'
2022-03-21 03:19:26,358 - py2neo.client.json - DEBUG - Hydrating object ['EXPERIENCE']
2022-03-21 03:19:26,358 - py2neo.client.json - DEBUG - Hydrating object 'EXPERIENCE'
2022-03-21 03:19:26,358 - py2neo.client.json - DEBUG - Hydrating object ['ID', 'experience_type']
2022-03-21 03:19:26,358 - py2neo.client.json - DEBUG - Hydrating object 'ID'
2022-03-21 03:19:26,358 - py2neo.client.json - DEBUG - Hydrating object 'experience_type'
2022-03-21 03:19:26,358 - py2neo.client.json - DEBUG - Hydrating object ['OCCUPATION']
2022-03-21 03:19:26,358 - py2neo.client.json - DEBUG - Hydrating object 'OCCUPATION'
2022-03-21 03:19:26,358 - py2neo.client.json - DEBUG - Hydrating object ['occupation_id']
2022-03-21 03:19:26,358 - py2neo.client.json - DEBUG - Hydrating object 'occupation_id'
2022-03-21 03:19:26,358 - py2neo.client.json - DEBUG - Hydrating object []
2022-03-21 03:19:26,358 - py2neo.client.json - DEBUG - Hydrating object []
2022-03-21 03:19:26,358 - py2neo.client.json - DEBUG - Hydrating object ['OCCUPATION']
2022-03-21 03:19:26,358 - py2neo.client.json - DEBUG - Hydrating object 'OCCUPATION'
2022-03-21 03:19:26,358 - py2neo.client.json - DEBUG - Hydrating object ['conceptURI']
2022-03-21 03:19:26,358 - py2neo.client.json - DEBUG - Hydrating object 'conceptURI'
2022-03-21 03:19:26,358 - py2neo.client.json - DEBUG - Hydrating object ['SKILL']
2022-03-21 03:19:26,358 - py2neo.client.json - DEBUG - Hydrating object 'SKILL'
2022-03-21 03:19:26,358 - py2neo.client.json - DEBUG - Hydrating object ['skill_id']
2022-03-21 03:19:26,358 - py2neo.client.json - DEBUG - Hydrating object 'skill_id'
2022-03-21 03:19:26,358 - py2neo.client.json - DEBUG - Hydrating object ['PROFILE']
2022-03-21 03:19:26,358 - py2neo.client.json - DEBUG - Hydrating object 'PROFILE'
2022-03-21 03:19:26,358 - py2neo.client.json - DEBUG - Hydrating object ['ID']
2022-03-21 03:19:26,358 - py2neo.client.json - DEBUG - Hydrating object 'ID'
2022-03-21 03:19:26,358 - py2neo.client.json - DEBUG - Hydrating object ['EXPERIENCE_TYPE']
2022-03-21 03:19:26,358 - py2neo.client.json - DEBUG - Hydrating object 'EXPERIENCE_TYPE'
2022-03-21 03:19:26,358 - py2neo.client.json - DEBUG - Hydrating object ['experience_type']
2022-03-21 03:19:26,358 - py2neo.client.json - DEBUG - Hydrating object 'experience_type'
2022-03-21 03:19:26,358 - py2neo.client.json - DEBUG - Hydrating object ['SKILL']
2022-03-21 03:19:26,358 - py2neo.client.json - DEBUG - Hydrating object 'SKILL'
2022-03-21 03:19:26,358 - py2neo.client.json - DEBUG - Hydrating object ['conceptUri']
2022-03-21 03:19:26,358 - py2neo.client.json - DEBUG - Hydrating object 'conceptUri'
2022-03-21 03:19:26,358 - py2neo.client.json - DEBUG - Hydrating object []
2022-03-21 03:19:26,358 - py2neo.client.json - DEBUG - Hydrating object []
2022-03-21 03:19:26,358 - root - INFO - Index ('conceptURI',) created on OCCUPATION.
